Log file open, 10/30/16 00:16:02
LogInit:Display: Running engine for game: prototype1_Racing
LogPlatformFile: Not using cached read wrapper
LogInit:Display: RandInit(-1918040859) SRandInit(-1918040858).
LogTaskGraph: Started task graph with 4 named threads and 7 total threads with 1 sets of task threads.
LogStats: Stats thread started at 0.070395
LogInit: Version: 4.12.5-3039270+++UE4+Release-4.12
LogInit: API Version: 2992821
LogInit: Net Version: 3039270
LogDevObjectVersion: Number of dev versions registered: 13
LogDevObjectVersion:   Dev-Blueprints (B0D832E4-1F89-4F0D-ACCF-7EB736FD4AA2): 3
LogDevObjectVersion:   Dev-Build (E1C64328-A22C-4D53-A36C-8E866417BD8C): 0
LogDevObjectVersion:   Dev-Core (375EC13C-06E4-48FB-B500-84F0262A717E): 1
LogDevObjectVersion:   Dev-Editor (E4B068ED-F494-42E9-A231-DA0B2E46BB41): 2
LogDevObjectVersion:   Dev-Framework (CFFC743F-43B0-4480-9391-14DF171D2073): 6
LogDevObjectVersion:   Dev-Mobile (B02B49B5-BB20-44E9-A304-32B752E40360): 0
LogDevObjectVersion:   Dev-Networking (A4E4105C-59A1-49B5-A7C5-40C4547EDFEE): 0
LogDevObjectVersion:   Dev-Online (39C831C9-5AE6-47DC-9A44-9C173E1C8E7C): 0
LogDevObjectVersion:   Dev-Physics (78F01B33-EBEA-4F98-B9B4-84EACCB95AA2): 0
LogDevObjectVersion:   Dev-Platform (6631380F-2D4D-43E0-8009-CF276956A95A): 0
LogDevObjectVersion:   Dev-Rendering (12F88B9F-8875-4AFC-A67C-D90C383ABD29): 2
LogDevObjectVersion:   Dev-Sequencer (7B5AE74C-D270-4C10-A958-57980B212A5A): 0
LogDevObjectVersion:   Dev-VR (D7296918-1DD6-4BDD-9DE2-64A83CC13884): 0
LogInit: Compiled (64-bit): Jul  6 2016 09:09:46
LogInit: Compiled with Visual C++: 19.00.23026.00
LogInit: Build Configuration: Development
LogInit: Branch Name: ++UE4+Release-4.12
LogInit: Command line:  
LogInit: Base directory: C:/Program Files/Epic Games/4.12/Engine/Binaries/Win64/
LogInit: Installed Engine Build: 1
LogInit: Using libcurl 7.41.0
LogInit:  - built for x86_64-pc-win32
LogInit:  - supports SSL with WinSSL
LogInit:  - other features:
LogInit:      CURL_VERSION_SSL
LogInit:      CURL_VERSION_IPV6
LogInit:      CURL_VERSION_ASYNCHDNS
LogInit:      CURL_VERSION_LARGEFILE
LogInit:      CURL_VERSION_IDN
LogInit:  CurlRequestOptions (configurable via config and command line):
LogInit:  - bVerifyPeer = true  - Libcurl will verify peer certificate
LogInit:  - bUseHttpProxy = false  - Libcurl will NOT use HTTP proxy
LogInit:  - bDontReuseConnections = false  - Libcurl will reuse connections
LogInit:  - CertBundlePath = nullptr  - Libcurl will use whatever was configured at build time.
LogInit: Presizing for max 8388607 objects, including 0 objects not considered by GC, pre-allocating 0 bytes for permanent pool.
LogInit: Object subsystem initialized
[2016.10.29-23.16.02:144][  0]LogInit: Selected Device Profile: [Windows]
[2016.10.29-23.16.02:144][  0]LogInit: Applying CVar settings loaded from the selected device profile: [Windows]
[2016.10.29-23.16.02:154][  0]LogInit: Computer: KIYUMINIKURO
[2016.10.29-23.16.02:154][  0]LogInit: User: MattDenny
[2016.10.29-23.16.02:154][  0]LogInit: CPU Page size=65536, Cores=4
[2016.10.29-23.16.02:154][  0]LogInit: High frequency timer resolution =3.906250 MHz
[2016.10.29-23.16.02:154][  0]LogMemory: Memory total: Physical=15.9GB (16GB approx)
[2016.10.29-23.16.02:154][  0]LogMemory: Platform Memory Stats for Windows
[2016.10.29-23.16.02:154][  0]LogMemory: Process Physical Memory: 190.52 MB used, 190.52 MB peak
[2016.10.29-23.16.02:154][  0]LogMemory: Process Virtual Memory: 195.31 MB used, 195.31 MB peak
[2016.10.29-23.16.02:154][  0]LogMemory: Physical Memory: 7844.61 MB used, 16332.68 MB total
[2016.10.29-23.16.02:154][  0]LogMemory: Virtual Memory: 553.58 MB used, 134217728.00 MB total
[2016.10.29-23.16.02:186][  0]LogTextLocalizationManager: No specific translations for ('en-GB') exist, so ('en') translations will be used.
[2016.10.29-23.16.02:469][  0]LogD3D11RHI: D3D11 adapters:
[2016.10.29-23.16.02:886][  0]LogD3D11RHI:    0. 'NVIDIA GeForce GTX 1070' (Feature Level 11_0)
[2016.10.29-23.16.02:886][  0]LogD3D11RHI:       8145/0/8166 MB DedicatedVideo/DedicatedSystem/SharedSystem, Outputs:2, VendorId:0x10de
[2016.10.29-23.16.02:887][  0]LogD3D11RHI:    1. 'Microsoft Basic Render Driver' (Feature Level 11_0)
[2016.10.29-23.16.02:887][  0]LogD3D11RHI:       0/0/8166 MB DedicatedVideo/DedicatedSystem/SharedSystem, Outputs:0, VendorId:0x1414
[2016.10.29-23.16.02:887][  0]LogD3D11RHI: Chosen D3D11 Adapter: 0
[2016.10.29-23.16.02:899][  0]LogD3D11RHI: Creating new Direct3DDevice
[2016.10.29-23.16.02:899][  0]LogD3D11RHI:     GPU DeviceId: 0x1b81 (for the marketing name, search the web for "GPU Device Id")
[2016.10.29-23.16.02:899][  0]LogWindows: EnumDisplayDevices:
[2016.10.29-23.16.02:899][  0]LogWindows:    0. 'NVIDIA GeForce GTX 1070' (P:1 D:1)
[2016.10.29-23.16.02:899][  0]LogWindows:    1. 'NVIDIA GeForce GTX 1070' (P:0 D:1)
[2016.10.29-23.16.02:899][  0]LogWindows:    2. 'NVIDIA GeForce GTX 1070' (P:0 D:0)
[2016.10.29-23.16.02:899][  0]LogWindows:    3. 'NVIDIA GeForce GTX 1070' (P:0 D:0)
[2016.10.29-23.16.02:899][  0]LogWindows: DebugString: FoundDriverCount:4 
[2016.10.29-23.16.02:899][  0]LogD3D11RHI:     Adapter Name: NVIDIA GeForce GTX 1070
[2016.10.29-23.16.02:899][  0]LogD3D11RHI:   Driver Version: 375.70 (internal:21.21.13.7570, unified:375.70)
[2016.10.29-23.16.02:899][  0]LogD3D11RHI:      Driver Date: 10-25-2016
[2016.10.29-23.16.02:899][  0]LogRHI: Texture pool is 1361 MB (70% of 1945 MB)
[2016.10.29-23.16.03:282][  0]LogD3D11RHI: Async texture creation enabled
[2016.10.29-23.16.03:513][  0]LogD3D11RHI: GPU Timing Frequency: 1000.000000 (Debug: 2 1)
[2016.10.29-23.16.03:514][  0]LogShaderCompilers: Guid format shader working directory is -39 characters bigger than the processId version (../../../../../../Users/Matt Denny/Desktop/3D Enigines/University/SuperSoapBoxAlpha0.1/Intermediate/Shaders/WorkingDirectory/193916/).
[2016.10.29-23.16.03:514][  0]LogShaderCompilers: Cleaned the shader compiler working directory 'C:/Users/MATTDE~1/AppData/Local/Temp/UnrealShaderWorkingDir/E7457CD24C584FDEFD336FA2ED90B723/'.
[2016.10.29-23.16.03:514][  0]LogShaderCompilers:Display: Using Local Shader Compiler.
[2016.10.29-23.16.05:201][  0]LogTemp:Display: Loaded TP AllDesktopTargetPlatform
[2016.10.29-23.16.05:208][  0]LogTemp:Display: Loaded TP WindowsClientTargetPlatform
[2016.10.29-23.16.05:215][  0]LogTemp:Display: Loaded TP WindowsNoEditorTargetPlatform
[2016.10.29-23.16.05:222][  0]LogTemp:Display: Loaded TP WindowsServerTargetPlatform
[2016.10.29-23.16.05:230][  0]LogTemp:Display: Loaded TP WindowsTargetPlatform
[2016.10.29-23.16.05:237][  0]LogTemp:Display: Loaded TP AndroidTargetPlatform
[2016.10.29-23.16.05:242][  0]LogTemp:Display: Loaded TP Android_ASTCTargetPlatform
[2016.10.29-23.16.05:248][  0]LogTemp:Display: Loaded TP Android_ATCTargetPlatform
[2016.10.29-23.16.05:253][  0]LogTemp:Display: Loaded TP Android_DXTTargetPlatform
[2016.10.29-23.16.05:259][  0]LogTemp:Display: Loaded TP Android_ETC1TargetPlatform
[2016.10.29-23.16.05:264][  0]LogTemp:Display: Loaded TP Android_ETC2TargetPlatform
[2016.10.29-23.16.05:276][  0]LogTemp:Display: Loaded TP Android_MultiTargetPlatform
[2016.10.29-23.16.05:276][  0]LogTemp:Display: Loaded TP Android_PVRTCTargetPlatform
[2016.10.29-23.16.05:277][  0]LogTemp:Display: Loaded TP HTML5TargetPlatform
[2016.10.29-23.16.05:298][  0]LogTemp:Display: Loaded TP IOSTargetPlatform
[2016.10.29-23.16.05:303][  0]LogTemp:Display: Loaded TP TVOSTargetPlatform
[2016.10.29-23.16.05:308][  0]LogTemp:Display: Loaded TP LinuxNoEditorTargetPlatform
[2016.10.29-23.16.05:313][  0]LogTemp:Display: Loaded TP LinuxServerTargetPlatform
[2016.10.29-23.16.05:342][  0]LogTemp:Display: Loaded TP LinuxTargetPlatform
[2016.10.29-23.16.05:342][  0]LogTargetPlatformManager:Display: Building Assets For Windows
[2016.10.29-23.16.05:413][  0]LogDerivedDataCache:Display: Max Cache Size: 512 MB
[2016.10.29-23.16.09:276][  0]LogDerivedDataCache: Loaded boot cache 3.86s 48MB C:/Users/Matt Denny/AppData/Local/UnrealEngine/4.12/DerivedDataCache/Boot.ddc.
[2016.10.29-23.16.09:277][  0]LogDerivedDataCache:Display: Loaded Boot cache: C:/Users/Matt Denny/AppData/Local/UnrealEngine/4.12/DerivedDataCache/Boot.ddc
[2016.10.29-23.16.09:277][  0]LogDerivedDataCache: FDerivedDataBackendGraph:  Pak pak cache file ../../../../../../Users/Matt Denny/Desktop/3D Enigines/University/SuperSoapBoxAlpha0.1/DerivedDataCache/DDC.ddp not found, will not use a pak cache.
[2016.10.29-23.16.09:277][  0]LogDerivedDataCache: Unable to find inner node Pak for hierarchical cache Hierarchy.
[2016.10.29-23.16.09:277][  0]LogDerivedDataCache: FDerivedDataBackendGraph:  CompressedPak pak cache file ../../../../../../Users/Matt Denny/Desktop/3D Enigines/University/SuperSoapBoxAlpha0.1/DerivedDataCache/Compressed.ddp not found, will not use a pak cache.
[2016.10.29-23.16.09:277][  0]LogDerivedDataCache: Unable to find inner node CompressedPak for hierarchical cache Hierarchy.
[2016.10.29-23.16.09:288][  0]LogDerivedDataCache:Display: Pak cache opened for reading ../../../Engine/DerivedDataCache/Compressed.ddp.
[2016.10.29-23.16.09:300][  0]LogDerivedDataCache: Using Local data cache path C:/Users/Matt Denny/AppData/Local/UnrealEngine/Common/DerivedDataCache: Writable
[2016.10.29-23.16.09:426][  0]LogInit: Selected Device Profile: [Windows]
[2016.10.29-23.16.09:426][  0]LogContentStreaming: Texture pool size is 0.00 MB
[2016.10.29-23.16.09:539][  0]LogMeshUtilities: No automatic mesh reduction module available
[2016.10.29-23.16.09:539][  0]LogMeshUtilities: No automatic mesh merging module available
[2016.10.29-23.16.09:539][  0]LogMeshUtilities: No distributed automatic mesh merging module available
[2016.10.29-23.16.09:856][  0]LogAssetRegistry: FAssetRegistry took 0.0212 seconds to start up
[2016.10.29-23.16.09:880][  0]LogPackageLocalizationCache: Processed 3 localized package path(s) for 2 prioritized culture(s) in 0.020925 seconds
[2016.10.29-23.16.09:883][  0]LogUObjectArray: 28739 objects as part of root set at end of initial load.
[2016.10.29-23.16.09:883][  0]LogUObjectAllocator: 5855632 out of 0 bytes used by permanent object pool.
[2016.10.29-23.16.09:883][  0]LogUObjectArray: CloseDisregardForGC: 0/0 objects in disregard for GC pool
[2016.10.29-23.16.09:891][  0]LogInit: WinSock: version 1.1 (2.2), MaxSocks=32767, MaxUdp=65467
[2016.10.29-23.16.10:767][  0]LogSlate: SlateFontCache - WITH_FREETYPE: 1, WITH_HARFBUZZ: 1
[2016.10.29-23.16.10:767][  0]LogSlate: SlateFontCache - WITH_FREETYPE: 1, WITH_HARFBUZZ: 1
[2016.10.29-23.16.50:528][  0]LogUdpMessaging: Initializing bridge on interface 0.0.0.0:0 to multicast group 230.0.0.1:6666.
[2016.10.29-23.16.51:469][  0]SourceControl: Info Source control is disabled
[2016.10.29-23.16.51:470][  0]SourceControl: Info Source control is disabled
[2016.10.29-23.16.51:479][  0]SourceControl: Info Source control is disabled
[2016.10.29-23.16.51:487][  0]SourceControl: Info Source control is disabled
[2016.10.29-23.16.51:678][  0]LogLinker:Warning: Can't find file '/Game/ThirdPersonBP/ThirdPersonOverview'
[2016.10.29-23.16.51:678][  0]LogLinker:Warning: Can't find file '/Game/ThirdPersonBP/ThirdPersonOverview'
[2016.10.29-23.16.51:678][  0]LogUObjectGlobals:Warning: Failed to find object 'Class /Game/ThirdPersonBP/ThirdPersonOverview.ThirdPersonOverview_C'
[2016.10.29-23.16.51:954][  0]LogEngine: Initializing Engine...
[2016.10.29-23.16.51:954][  0]LogHMD: SteamVR failed to initialize.  Err: 110
[2016.10.29-23.16.51:955][  0]LogHMD: SteamVR failed to initialize.  Err: 110
[2016.10.29-23.16.52:050][  0]LogAIModule: Creating AISystem for world NewWorld
[2016.10.29-23.16.52:056][  0]LogInit: XAudio2 using 'Speakers (Realtek High Definition Audio)' : 2 channels at 48 kHz using 32 bits per sample (channel mask 0x3)
[2016.10.29-23.16.52:069][  0]LogInit: FAudioDevice initialized.
[2016.10.29-23.16.52:119][  0]LogDerivedDataCache: Saved boot cache 0.05s 48MB C:/Users/Matt Denny/AppData/Local/UnrealEngine/4.12/DerivedDataCache/Boot.ddc.
[2016.10.29-23.16.52:124][  0]LogInit: Texture streaming: Enabled
[2016.10.29-23.16.52:371][  0]LogWindowsTextInputMethodSystem:Display: IME system now deactivated.
[2016.10.29-23.16.52:392][  0]LogInit: Transaction tracking system initialized
[2016.10.29-23.16.52:414][  0]BlueprintLog: New page: Editor Load
[2016.10.29-23.16.52:540][  0]LocalizationService: Info Localization service is disabled
[2016.10.29-23.16.53:121][  0]LogConsoleResponse:Display: 
[2016.10.29-23.16.53:696][  0]LogCook:Display: Max memory allowance for cook 8192mb
[2016.10.29-23.16.53:696][  0]LogCook:Display: Mobile HDR setting 1
[2016.10.29-23.16.53:829][  0]LogFileCache: Scanning file cache for directory 'C:/Users/Matt Denny/Desktop/3D Enigines/University/SuperSoapBoxAlpha0.1/Content/' took 0.02s
[2016.10.29-23.16.54:253][  0]SourceControl: Info Source control is disabled
[2016.10.29-23.16.54:253][  0]Cmd: MAP LOAD FILE="../../../../../../Users/Matt Denny/Desktop/3D Enigines/University/SuperSoapBoxAlpha0.1/Content/VehicleAdvBP/Maps/VehicleAdvExampleMap.umap" TEMPLATE=0 SHOWPROGRESS=1 FEATURELEVEL=3
[2016.10.29-23.16.54:254][  0]LightingResults: New page: Lighting Build
[2016.10.29-23.16.54:256][  0]MapCheck: New page: Map Check
[2016.10.29-23.16.54:256][  0]LightingResults: New page: Lighting Build
[2016.10.29-23.16.56:105][  0]LogAIModule: Creating AISystem for world VehicleAdvExampleMap
[2016.10.29-23.16.56:931][  0]LogEditorServer: Finished looking for orphan Actors (0.000 secs)
[2016.10.29-23.16.56:931][  0]Cmd: MAP CHECKDEP NOCLEARLOG
[2016.10.29-23.16.56:970][  0]MapCheck: Info Map check complete: 0 Error(s), 0 Warning(s), took 38.498ms to complete.
[2016.10.29-23.16.56:970][  0]LogFileHelpers: Loading map 'VehicleAdvExampleMap' took 2.716
[2016.10.29-23.16.57:289][  0]LogCollectionManager: Loaded 0 collections in 0.002120 seconds
[2016.10.29-23.16.57:332][  0]LogFileCache: Scanning file cache for directory 'C:/Users/Matt Denny/Desktop/3D Enigines/University/SuperSoapBoxAlpha0.1/Saved/Collections/' took 0.01s
[2016.10.29-23.16.57:332][  0]LogFileCache: Scanning file cache for directory 'C:/Users/Matt Denny/Desktop/3D Enigines/University/SuperSoapBoxAlpha0.1/Content/Developers/MattDenny/Collections/' took 0.01s
[2016.10.29-23.16.57:332][  0]LogFileCache: Scanning file cache for directory 'C:/Users/Matt Denny/Desktop/3D Enigines/University/SuperSoapBoxAlpha0.1/Content/Collections/' took 0.01s
[2016.10.29-23.16.57:332][  0]LogCollectionManager: Rebuilt the GUID cache for 0 collections in 0.000003 seconds
[2016.10.29-23.16.57:340][  0]LogContentBrowser: Native class hierarchy populated in 0.0083 seconds. Added 2047 classes and 369 folders.
[2016.10.29-23.16.57:344][  0]LogStats: UGameplayTagsManager::ConstructGameplayTagTree: Construct from data asset -  0.000 s
[2016.10.29-23.16.57:344][  0]LogStats: UGameplayTagsManager::ConstructGameplayTagTree: GameplayTagTreeChangedEvent.Broadcast -  0.000 s
[2016.10.29-23.16.57:344][  0]LogContentBrowser: Native class hierarchy updated for 'GameplayTags' in 0.0003 seconds. Added 12 classes and 0 folders.
[2016.10.29-23.16.57:349][  0]LogContentBrowser: Native class hierarchy updated for 'WidgetCarousel' in 0.0003 seconds. Added 0 classes and 0 folders.
[2016.10.29-23.16.59:449][  0]LogContentBrowser: Native class hierarchy updated for 'AddContentDialog' in 0.0003 seconds. Added 0 classes and 0 folders.
[2016.10.29-23.16.59:453][  0]LogContentBrowser: Native class hierarchy updated for 'SceneOutliner' in 0.0003 seconds. Added 1 classes and 2 folders.
[2016.10.29-23.16.59:727][  0]LogCrashTracker: Crashtracker disabled due to settings.
[2016.10.29-23.16.59:732][  0]LogUObjectGlobals:Warning: Failed to find object 'Class None.'
[2016.10.29-23.16.59:757][  0]LogContentBrowser: Native class hierarchy updated for 'HierarchicalLODOutliner' in 0.0003 seconds. Added 1 classes and 2 folders.
[2016.10.29-23.16.59:757][  0]LogLoad: Full Startup: 58.31 seconds (BP compile: 0.32 seconds)
[2016.10.29-23.16.59:757][  0]LogExternalProfiler: Found external profiler: VSPerf
[2016.10.29-23.16.59:757][  0]LogExternalProfiler: Using external profiler: VSPerf
[2016.10.29-23.16.59:766][  0]LogOcInput: OculusInput pre-init called
[2016.10.29-23.16.59:785][  0]LogContentStreaming: Texture pool size now 1000 MB
[2016.10.29-23.17.00:112][  0]LogRenderer: Reallocating scene render targets to support 1128x648 (Frame:2).
[2016.10.29-23.17.00:153][  1]Cmd: UpdateLandscapeEditorData -warnings
[2016.10.29-23.17.00:166][  1]LogAssetRegistry: Asset discovery search completed in 50.3308 seconds
[2016.10.29-23.17.00:166][  1]LogCollectionManager: Rebuilt the object cache for 0 collections in 0.000001 seconds (found 0 objects)
[2016.10.29-23.17.00:166][  1]LogCollectionManager: Fixed up redirectors for 0 collections in 0.000015 seconds (updated 0 objects)
[2016.10.29-23.17.41:441][912]LogContentBrowser: Native class hierarchy updated for 'BlueprintGraph' in 0.0006 seconds. Added 111 classes and 0 folders.
[2016.10.29-23.19.32:531][995]LogSavePackage: Save=12.51ms
[2016.10.29-23.19.32:531][995]LogSavePackage: Moving '../../../../../../Users/Matt Denny/Desktop/3D Enigines/University/SuperSoapBoxAlpha0.1/Saved/PlayerControllerPROTO38D1F8B0444D8DF956343BB1494F0BC0.tmp' to '../../../../../../Users/Matt Denny/Desktop/3D Enigines/University/SuperSoapBoxAlpha0.1/Content/VehicleAdvBP/Blueprints/Player/PlayerControllerPROTO.uasset'
[2016.10.29-23.19.32:555][995]LogSavePackage:Display: Finished SavePackage ../../../../../../Users/Matt Denny/Desktop/3D Enigines/University/SuperSoapBoxAlpha0.1/Content/VehicleAdvBP/Blueprints/Player/PlayerControllerPROTO.uasset
[2016.10.29-23.19.45:332][524]LogSavePackage: Save=12.77ms
[2016.10.29-23.19.45:332][524]LogSavePackage: Moving '../../../../../../Users/Matt Denny/Desktop/3D Enigines/University/SuperSoapBoxAlpha0.1/Saved/PlayerControllerPROTOFCBD8574411EFCCC944C168A7D9B669D.tmp' to '../../../../../../Users/Matt Denny/Desktop/3D Enigines/University/SuperSoapBoxAlpha0.1/Content/VehicleAdvBP/Blueprints/Player/PlayerControllerPROTO.uasset'
[2016.10.29-23.19.45:334][524]LogSavePackage:Display: Finished SavePackage ../../../../../../Users/Matt Denny/Desktop/3D Enigines/University/SuperSoapBoxAlpha0.1/Content/VehicleAdvBP/Blueprints/Player/PlayerControllerPROTO.uasset
[2016.10.29-23.19.52:603][392]LogSavePackage: Save=11.84ms
[2016.10.29-23.19.52:603][392]LogSavePackage: Moving '../../../../../../Users/Matt Denny/Desktop/3D Enigines/University/SuperSoapBoxAlpha0.1/Saved/PlayerControllerPROTO9546009E47567DCAE6E00B98739235C8.tmp' to '../../../../../../Users/Matt Denny/Desktop/3D Enigines/University/SuperSoapBoxAlpha0.1/Content/VehicleAdvBP/Blueprints/Player/PlayerControllerPROTO.uasset'
[2016.10.29-23.19.52:605][392]LogSavePackage:Display: Finished SavePackage ../../../../../../Users/Matt Denny/Desktop/3D Enigines/University/SuperSoapBoxAlpha0.1/Content/VehicleAdvBP/Blueprints/Player/PlayerControllerPROTO.uasset
[2016.10.29-23.20.01:501][454]LogSavePackage: Save=12.83ms
[2016.10.29-23.20.01:501][454]LogSavePackage: Moving '../../../../../../Users/Matt Denny/Desktop/3D Enigines/University/SuperSoapBoxAlpha0.1/Saved/PlayerControllerPROTO5BE4B0FF4628FE12A95052938E811B12.tmp' to '../../../../../../Users/Matt Denny/Desktop/3D Enigines/University/SuperSoapBoxAlpha0.1/Content/VehicleAdvBP/Blueprints/Player/PlayerControllerPROTO.uasset'
[2016.10.29-23.20.01:503][454]LogSavePackage:Display: Finished SavePackage ../../../../../../Users/Matt Denny/Desktop/3D Enigines/University/SuperSoapBoxAlpha0.1/Content/VehicleAdvBP/Blueprints/Player/PlayerControllerPROTO.uasset
[2016.10.29-23.30.01:130][673]BlueprintLog: New page: Compile PauseMenu
[2016.10.29-23.30.01:241][673]BlueprintEditorCompileResults: Info [0839.79] Compile of PauseMenu successful! [in 111 ms] (/Game/VehicleAdvBP/Blueprints/MenuAndUI/PauseMenu.PauseMenu)
[2016.10.29-23.30.01:858][742]LogSavePackage: Save=10.89ms
[2016.10.29-23.30.01:858][742]LogSavePackage: Moving '../../../../../../Users/Matt Denny/Desktop/3D Enigines/University/SuperSoapBoxAlpha0.1/Saved/PauseMenuC588247C41328B4323E3D08638FA57B7.tmp' to '../../../../../../Users/Matt Denny/Desktop/3D Enigines/University/SuperSoapBoxAlpha0.1/Content/VehicleAdvBP/Blueprints/MenuAndUI/PauseMenu.uasset'
[2016.10.29-23.30.01:861][742]LogSavePackage:Display: Finished SavePackage ../../../../../../Users/Matt Denny/Desktop/3D Enigines/University/SuperSoapBoxAlpha0.1/Content/VehicleAdvBP/Blueprints/MenuAndUI/PauseMenu.uasset
[2016.10.29-23.31.02:935][387]LogSavePackage: Save=11.31ms
[2016.10.29-23.31.02:935][387]LogSavePackage: Moving '../../../../../../Users/Matt Denny/Desktop/3D Enigines/University/SuperSoapBoxAlpha0.1/Saved/PauseMenuCC9FCA7D4DDCC9D5AF1C9E9519448EC7.tmp' to '../../../../../../Users/Matt Denny/Desktop/3D Enigines/University/SuperSoapBoxAlpha0.1/Content/VehicleAdvBP/Blueprints/MenuAndUI/PauseMenu.uasset'
[2016.10.29-23.31.02:938][387]LogSavePackage:Display: Finished SavePackage ../../../../../../Users/Matt Denny/Desktop/3D Enigines/University/SuperSoapBoxAlpha0.1/Content/VehicleAdvBP/Blueprints/MenuAndUI/PauseMenu.uasset
[2016.10.29-23.31.54:203][228]LogBlueprint:Warning: USimpleConstructionScript::FixupRootNodeParentReferences() - Couldn't find inherited parent component 'DefaultSceneRoot' for 'Coll' in BlueprintGeneratedClass 'REINST_RerightPhaseCol2_C_141' (it may have been removed)
[2016.10.29-23.31.54:203][228]LogBlueprint:Warning: USimpleConstructionScript::FixupRootNodeParentReferences() - Couldn't find inherited parent component 'DefaultSceneRoot' for 'Cube' in BlueprintGeneratedClass 'REINST_RerightPhaseCol2_C_141' (it may have been removed)
[2016.10.29-23.31.54:214][228]LogBlueprint:Warning: USimpleConstructionScript::FixupRootNodeParentReferences() - Couldn't find inherited parent component 'DefaultSceneRoot' for 'Cube' in BlueprintGeneratedClass 'REINST_MovmentPhaseCol1_C_144' (it may have been removed)
[2016.10.29-23.31.54:214][228]LogBlueprint:Warning: USimpleConstructionScript::FixupRootNodeParentReferences() - Couldn't find inherited parent component 'DefaultSceneRoot' for 'Box' in BlueprintGeneratedClass 'REINST_MovmentPhaseCol1_C_144' (it may have been removed)
[2016.10.29-23.32.08:367][877]BlueprintLog: New page: Compile TutorialSubMenu
[2016.10.29-23.32.08:461][877]BlueprintEditorCompileResults: Info [0967.01] Compile of TutorialSubMenu successful! [in 93 ms] (/Game/VehicleAdvBP/Blueprints/MenuAndUI/TutorialSubMenu.TutorialSubMenu)
[2016.10.29-23.32.09:342][977]LogSavePackage: Save=15.70ms
[2016.10.29-23.32.09:342][977]LogSavePackage: Moving '../../../../../../Users/Matt Denny/Desktop/3D Enigines/University/SuperSoapBoxAlpha0.1/Saved/TutorialSubMenuE3DABE9441D58726CC25D2905871AAFA.tmp' to '../../../../../../Users/Matt Denny/Desktop/3D Enigines/University/SuperSoapBoxAlpha0.1/Content/VehicleAdvBP/Blueprints/MenuAndUI/TutorialSubMenu.uasset'
[2016.10.29-23.32.09:344][977]LogSavePackage:Display: Finished SavePackage ../../../../../../Users/Matt Denny/Desktop/3D Enigines/University/SuperSoapBoxAlpha0.1/Content/VehicleAdvBP/Blueprints/MenuAndUI/TutorialSubMenu.uasset
[2016.10.29-23.32.25:081][852]BlueprintLog: New page: Compile TutorialSubMenu
[2016.10.29-23.32.25:169][852]BlueprintEditorCompileResults: Info [0983.72] Compile of TutorialSubMenu successful! [in 88 ms] (/Game/VehicleAdvBP/Blueprints/MenuAndUI/TutorialSubMenu.TutorialSubMenu)
[2016.10.29-23.32.25:836][926]LogSavePackage: Save=18.15ms
[2016.10.29-23.32.25:836][926]LogSavePackage: Moving '../../../../../../Users/Matt Denny/Desktop/3D Enigines/University/SuperSoapBoxAlpha0.1/Saved/TutorialSubMenuF9C591BD4BCB60DB8A36E99C5C22CF78.tmp' to '../../../../../../Users/Matt Denny/Desktop/3D Enigines/University/SuperSoapBoxAlpha0.1/Content/VehicleAdvBP/Blueprints/MenuAndUI/TutorialSubMenu.uasset'
[2016.10.29-23.32.25:838][926]LogSavePackage:Display: Finished SavePackage ../../../../../../Users/Matt Denny/Desktop/3D Enigines/University/SuperSoapBoxAlpha0.1/Content/VehicleAdvBP/Blueprints/MenuAndUI/TutorialSubMenu.uasset
[2016.10.29-23.32.35:181][ 36]LogAIModule: Creating AISystem for world TutorialMap
[2016.10.29-23.32.35:217][ 36]Cmd: MAP LOAD FILE="../../../../../../Users/Matt Denny/Desktop/3D Enigines/University/SuperSoapBoxAlpha0.1/Content/VehicleAdvBP/Maps/TutorialMap.umap" TEMPLATE=0 SHOWPROGRESS=1 FEATURELEVEL=3
[2016.10.29-23.32.35:217][ 36]LightingResults: New page: Lighting Build
[2016.10.29-23.32.35:218][ 36]LoadErrors: New page: Loading map: TutorialMap.umap
[2016.10.29-23.32.35:220][ 36]MapCheck: New page: Map Check
[2016.10.29-23.32.35:220][ 36]LightingResults: New page: Lighting Build
[2016.10.29-23.32.35:310][ 36]LogEditorServer: Finished looking for orphan Actors (0.000 secs)
[2016.10.29-23.32.35:329][ 36]Cmd: MAP CHECKDEP NOCLEARLOG
[2016.10.29-23.32.35:372][ 36]MapCheck: Info Map check complete: 0 Error(s), 0 Warning(s), took 42.833ms to complete.
[2016.10.29-23.32.35:372][ 36]LogFileHelpers: Loading map 'TutorialMap' took 0.156
[2016.10.29-23.32.35:410][ 37]Cmd: UpdateLandscapeEditorData
[2016.10.29-23.32.39:228][490]LogPlayLevel: PlayLevel: No blueprints needed recompiling
[2016.10.29-23.32.39:228][490]PIE: New page: PIE session: TutorialMap (30 Oct 2016 00:32:39)
[2016.10.29-23.32.39:230][490]LogPlayLevel: Creating play world package: /Game/VehicleAdvBP/Maps/UEDPIE_0_TutorialMap
[2016.10.29-23.32.39:242][490]LogPlayLevel: PIE: StaticDuplicateObject took: (0.012750s)
[2016.10.29-23.32.39:243][490]LogAIModule: Creating AISystem for world TutorialMap
[2016.10.29-23.32.39:243][490]LogPlayLevel: PIE: World Init took: (0.000488s)
[2016.10.29-23.32.39:243][490]LogPlayLevel: PIE: Created PIE world by copying editor world from /Game/VehicleAdvBP/Maps/TutorialMap.TutorialMap to /Game/VehicleAdvBP/Maps/UEDPIE_0_TutorialMap.TutorialMap (0.013487s)
[2016.10.29-23.32.39:267][490]LogInit: XAudio2 using 'Speakers (Realtek High Definition Audio)' : 2 channels at 48 kHz using 32 bits per sample (channel mask 0x3)
[2016.10.29-23.32.39:276][490]LogInit: FAudioDevice initialized.
[2016.10.29-23.32.39:328][490]LogWorld: Game class is 'TutorialGM_C'
[2016.10.29-23.32.39:344][490]LogWorld: Bringing World /Game/VehicleAdvBP/Maps/UEDPIE_0_TutorialMap.TutorialMap up for play (max tick rate 0) at 2016.10.30-00.32.39
[2016.10.29-23.32.39:346][490]LogWorld: Bringing up level for play took: 0.016575
[2016.10.29-23.32.39:350][490]LogContentBrowser: Native class hierarchy updated for 'MovieSceneCapture' in 0.0003 seconds. Added 11 classes and 0 folders.
[2016.10.29-23.32.39:351][490]PIE: Info Play in editor start time for /Game/VehicleAdvBP/Maps/UEDPIE_0_TutorialMap 0.133
[2016.10.29-23.32.59:120][858]LogBlueprintUserMessages: [MovmentPhaseCol1_662] respawn with text sayuing retrey
[2016.10.29-23.33.04:295][479]LogBlueprintUserMessages: [MovmentPhaseCol1_662] respawn with text sayuing retrey
[2016.10.29-23.33.10:653][242]LogBlueprintUserMessages: [TutorialPlayerManager_C_0] set next phase turn on and off col sections
[2016.10.29-23.33.22:141][614]LogBlueprintUserMessages: [TutorialPlayerManager_C_0] set next phase turn on and off col sections
[2016.10.29-23.33.26:407][126]LogBlueprintUserMessages: [TutorialPlayerManager_C_0] set next phase turn on and off col sections
[2016.10.29-23.33.37:166][417]LogBlueprintUserMessages: [TutorialPlayerManager_C_0] set next phase turn on and off col sections
[2016.10.29-23.33.43:606][188]LogBlueprintUserMessages: [TutorialPlayerManager_C_0] set next phase turn on and off col sections
[2016.10.29-23.34.00:691][238]LogBlueprintUserMessages: [TutorialPlayerManager_C_0] set next phase turn on and off col sections
[2016.10.29-23.34.04:099][647]LogBlueprintUserMessages: [TutorialPlayerManager_C_0] set next phase turn on and off col sections
[2016.10.29-23.37.45:197][166]LogEditorViewport: Clicking on Actor (LMB): PoleForCheckPointMarker_C (PoleForCheckPointMarker2)
[2016.10.29-23.38.01:580][103]LogEditorViewport: Clicking on Actor (LMB): PoleForCheckPointMarker_C (PoleForCheckPointMarker)
[2016.10.29-23.39.01:678][ 33]LogPlayLevel: PlayLevel: No blueprints needed recompiling
[2016.10.29-23.39.01:678][ 33]PIE: New page: PIE session: TutorialMap (30 Oct 2016 00:39:01)
[2016.10.29-23.39.01:678][ 33]LogPlayLevel: Creating play world package: /Game/VehicleAdvBP/Maps/UEDPIE_0_TutorialMap
[2016.10.29-23.39.01:687][ 33]LogPlayLevel: PIE: StaticDuplicateObject took: (0.008492s)
[2016.10.29-23.39.01:687][ 33]LogAIModule: Creating AISystem for world TutorialMap
[2016.10.29-23.39.01:687][ 33]LogPlayLevel: PIE: World Init took: (0.000474s)
[2016.10.29-23.39.01:687][ 33]LogPlayLevel: PIE: Created PIE world by copying editor world from /Game/VehicleAdvBP/Maps/TutorialMap.TutorialMap to /Game/VehicleAdvBP/Maps/UEDPIE_0_TutorialMap.TutorialMap (0.009170s)
[2016.10.29-23.39.01:709][ 33]LogInit: XAudio2 using 'Speakers (Realtek High Definition Audio)' : 2 channels at 48 kHz using 32 bits per sample (channel mask 0x3)
[2016.10.29-23.39.01:719][ 33]LogInit: FAudioDevice initialized.
[2016.10.29-23.39.01:759][ 33]LogWorld: Game class is 'TutorialGM_C'
[2016.10.29-23.39.01:776][ 33]LogWorld: Bringing World /Game/VehicleAdvBP/Maps/UEDPIE_0_TutorialMap.TutorialMap up for play (max tick rate 0) at 2016.10.30-00.39.01
[2016.10.29-23.39.01:778][ 33]LogWorld: Bringing up level for play took: 0.016379
[2016.10.29-23.39.01:779][ 33]PIE: Info Play in editor start time for /Game/VehicleAdvBP/Maps/UEDPIE_0_TutorialMap 0.561
[2016.10.29-23.39.15:614][691]LogBlueprintUserMessages: [MovmentPhaseCol1_662] respawn with text sayuing retrey
[2016.10.29-23.39.27:639][134]LogBlueprintUserMessages: [TutorialPlayerManager_C_0] set next phase turn on and off col sections
[2016.10.29-23.39.46:386][381]LogBlueprintUserMessages: [TutorialPlayerManager_C_0] set next phase turn on and off col sections
[2016.10.29-23.40.00:049][ 12]LogBlueprintUserMessages: [TutorialPlayerManager_C_0] set next phase turn on and off col sections
[2016.10.29-23.40.03:226][392]LogBlueprintUserMessages: [TutorialPlayerManager_C_0] set next phase turn on and off col sections
[2016.10.29-23.40.09:976][202]LogBlueprintUserMessages: [TutorialPlayerManager_C_0] set next phase turn on and off col sections
[2016.10.29-23.42.20:784][879]BlueprintLog: New page: Compile TutorialSubMenu
[2016.10.29-23.42.20:867][879]BlueprintEditorCompileResults: Info [1579.42] Compile of TutorialSubMenu successful! [in 82 ms] (/Game/VehicleAdvBP/Blueprints/MenuAndUI/TutorialSubMenu.TutorialSubMenu)
[2016.10.29-23.42.21:326][928]LogSavePackage: Save=16.48ms
[2016.10.29-23.42.21:326][928]LogSavePackage: Moving '../../../../../../Users/Matt Denny/Desktop/3D Enigines/University/SuperSoapBoxAlpha0.1/Saved/TutorialSubMenuC21AE6494C75C58FC8B123919B6EE58C.tmp' to '../../../../../../Users/Matt Denny/Desktop/3D Enigines/University/SuperSoapBoxAlpha0.1/Content/VehicleAdvBP/Blueprints/MenuAndUI/TutorialSubMenu.uasset'
[2016.10.29-23.42.21:329][928]LogSavePackage:Display: Finished SavePackage ../../../../../../Users/Matt Denny/Desktop/3D Enigines/University/SuperSoapBoxAlpha0.1/Content/VehicleAdvBP/Blueprints/MenuAndUI/TutorialSubMenu.uasset
[2016.10.29-23.43.19:928][911]BlueprintLog: New page: Compile TutorialSubMenu
[2016.10.29-23.43.20:013][911]BlueprintEditorCompileResults: Info [1638.56] Compile of TutorialSubMenu successful! [in 85 ms] (/Game/VehicleAdvBP/Blueprints/MenuAndUI/TutorialSubMenu.TutorialSubMenu)
[2016.10.29-23.43.20:706][989]LogSavePackage: Save=15.66ms
[2016.10.29-23.43.20:706][989]LogSavePackage: Moving '../../../../../../Users/Matt Denny/Desktop/3D Enigines/University/SuperSoapBoxAlpha0.1/Saved/TutorialSubMenu0A21259D4EE23D1E9A8BA783CD2707BD.tmp' to '../../../../../../Users/Matt Denny/Desktop/3D Enigines/University/SuperSoapBoxAlpha0.1/Content/VehicleAdvBP/Blueprints/MenuAndUI/TutorialSubMenu.uasset'
[2016.10.29-23.43.20:708][989]LogSavePackage:Display: Finished SavePackage ../../../../../../Users/Matt Denny/Desktop/3D Enigines/University/SuperSoapBoxAlpha0.1/Content/VehicleAdvBP/Blueprints/MenuAndUI/TutorialSubMenu.uasset
[2016.10.29-23.44.54:712][269]BlueprintLog: New page: Compile TutorialSubMenu
[2016.10.29-23.44.54:797][269]BlueprintEditorCompileResults: Info [1733.35] Compile of TutorialSubMenu successful! [in 85 ms] (/Game/VehicleAdvBP/Blueprints/MenuAndUI/TutorialSubMenu.TutorialSubMenu)
[2016.10.29-23.44.55:330][327]LogSavePackage: Save=15.97ms
[2016.10.29-23.44.55:330][327]LogSavePackage: Moving '../../../../../../Users/Matt Denny/Desktop/3D Enigines/University/SuperSoapBoxAlpha0.1/Saved/TutorialSubMenuF536332E49EA265D3C7492BD030F6B95.tmp' to '../../../../../../Users/Matt Denny/Desktop/3D Enigines/University/SuperSoapBoxAlpha0.1/Content/VehicleAdvBP/Blueprints/MenuAndUI/TutorialSubMenu.uasset'
[2016.10.29-23.44.55:332][327]LogSavePackage:Display: Finished SavePackage ../../../../../../Users/Matt Denny/Desktop/3D Enigines/University/SuperSoapBoxAlpha0.1/Content/VehicleAdvBP/Blueprints/MenuAndUI/TutorialSubMenu.uasset
[2016.10.29-23.45.00:845][984]LogSavePackage: Save=11.94ms
[2016.10.29-23.45.00:845][984]LogSavePackage: Moving '../../../../../../Users/Matt Denny/Desktop/3D Enigines/University/SuperSoapBoxAlpha0.1/Saved/PauseMenu3368E3544BECEE3EC8E2809AB9CB4CCB.tmp' to '../../../../../../Users/Matt Denny/Desktop/3D Enigines/University/SuperSoapBoxAlpha0.1/Content/VehicleAdvBP/Blueprints/MenuAndUI/PauseMenu.uasset'
[2016.10.29-23.45.00:848][984]LogSavePackage:Display: Finished SavePackage ../../../../../../Users/Matt Denny/Desktop/3D Enigines/University/SuperSoapBoxAlpha0.1/Content/VehicleAdvBP/Blueprints/MenuAndUI/PauseMenu.uasset
[2016.10.29-23.45.22:965][439]LogSavePackage: Save=15.25ms
[2016.10.29-23.45.22:965][439]LogSavePackage: Moving '../../../../../../Users/Matt Denny/Desktop/3D Enigines/University/SuperSoapBoxAlpha0.1/Saved/TutorialSubMenu5556EBB64A34A882C785F39C4EC8FE9A.tmp' to '../../../../../../Users/Matt Denny/Desktop/3D Enigines/University/SuperSoapBoxAlpha0.1/Content/VehicleAdvBP/Blueprints/MenuAndUI/TutorialSubMenu.uasset'
[2016.10.29-23.45.22:966][439]LogSavePackage:Display: Finished SavePackage ../../../../../../Users/Matt Denny/Desktop/3D Enigines/University/SuperSoapBoxAlpha0.1/Content/VehicleAdvBP/Blueprints/MenuAndUI/TutorialSubMenu.uasset
[2016.10.29-23.45.28:496][100]LogPlayLevel: PlayLevel: No blueprints needed recompiling
[2016.10.29-23.45.28:496][100]PIE: New page: PIE session: TutorialMap (30 Oct 2016 00:45:28)
[2016.10.29-23.45.28:496][100]LogPlayLevel: Creating play world package: /Game/VehicleAdvBP/Maps/UEDPIE_0_TutorialMap
[2016.10.29-23.45.28:506][100]LogPlayLevel: PIE: StaticDuplicateObject took: (0.010175s)
[2016.10.29-23.45.28:507][100]LogAIModule: Creating AISystem for world TutorialMap
[2016.10.29-23.45.28:507][100]LogPlayLevel: PIE: World Init took: (0.000595s)
[2016.10.29-23.45.28:507][100]LogPlayLevel: PIE: Created PIE world by copying editor world from /Game/VehicleAdvBP/Maps/TutorialMap.TutorialMap to /Game/VehicleAdvBP/Maps/UEDPIE_0_TutorialMap.TutorialMap (0.011040s)
[2016.10.29-23.45.28:530][100]LogInit: XAudio2 using 'Speakers (Realtek High Definition Audio)' : 2 channels at 48 kHz using 32 bits per sample (channel mask 0x3)
[2016.10.29-23.45.28:539][100]LogInit: FAudioDevice initialized.
[2016.10.29-23.45.28:585][100]LogWorld: Game class is 'TutorialGM_C'
[2016.10.29-23.45.28:601][100]LogWorld: Bringing World /Game/VehicleAdvBP/Maps/UEDPIE_0_TutorialMap.TutorialMap up for play (max tick rate 0) at 2016.10.30-00.45.28
[2016.10.29-23.45.28:601][100]LogWorld: Bringing up level for play took: 0.017328
[2016.10.29-23.45.28:606][100]PIE: Info Play in editor start time for /Game/VehicleAdvBP/Maps/UEDPIE_0_TutorialMap -0.612
[2016.10.29-23.54.10:694][860]LogSavePackage: Save=34.60ms
[2016.10.29-23.54.10:694][860]LogSavePackage: Moving '../../../../../../Users/Matt Denny/Desktop/3D Enigines/University/SuperSoapBoxAlpha0.1/Saved/TutorialGM7CCB2CC64565CCCEFF0E679BEAF0A9CB.tmp' to '../../../../../../Users/Matt Denny/Desktop/3D Enigines/University/SuperSoapBoxAlpha0.1/Content/VehicleAdvBP/Blueprints/GameMode/TutorialGM.uasset'
[2016.10.29-23.54.10:697][860]LogSavePackage:Display: Finished SavePackage ../../../../../../Users/Matt Denny/Desktop/3D Enigines/University/SuperSoapBoxAlpha0.1/Content/VehicleAdvBP/Blueprints/GameMode/TutorialGM.uasset
[2016.10.29-23.54.27:388][854]LogSavePackage: Save=33.34ms
[2016.10.29-23.54.27:388][854]LogSavePackage: Moving '../../../../../../Users/Matt Denny/Desktop/3D Enigines/University/SuperSoapBoxAlpha0.1/Saved/TutorialGMAC4FD4FD4A2D68FCD5A216AFB747AC42.tmp' to '../../../../../../Users/Matt Denny/Desktop/3D Enigines/University/SuperSoapBoxAlpha0.1/Content/VehicleAdvBP/Blueprints/GameMode/TutorialGM.uasset'
[2016.10.29-23.54.27:390][854]LogSavePackage:Display: Finished SavePackage ../../../../../../Users/Matt Denny/Desktop/3D Enigines/University/SuperSoapBoxAlpha0.1/Content/VehicleAdvBP/Blueprints/GameMode/TutorialGM.uasset
[2016.10.29-23.54.38:987][237]LogSavePackage: Save=32.72ms
[2016.10.29-23.54.38:987][237]LogSavePackage: Moving '../../../../../../Users/Matt Denny/Desktop/3D Enigines/University/SuperSoapBoxAlpha0.1/Saved/TutorialGMA9966521409622D411D8D2A0A3E60A62.tmp' to '../../../../../../Users/Matt Denny/Desktop/3D Enigines/University/SuperSoapBoxAlpha0.1/Content/VehicleAdvBP/Blueprints/GameMode/TutorialGM.uasset'
[2016.10.29-23.54.38:989][237]LogSavePackage:Display: Finished SavePackage ../../../../../../Users/Matt Denny/Desktop/3D Enigines/University/SuperSoapBoxAlpha0.1/Content/VehicleAdvBP/Blueprints/GameMode/TutorialGM.uasset
[2016.10.29-23.55.30:314][371]LogSavePackage: Save=33.18ms
[2016.10.29-23.55.30:314][371]LogSavePackage: Moving '../../../../../../Users/Matt Denny/Desktop/3D Enigines/University/SuperSoapBoxAlpha0.1/Saved/TutorialGMF6D9188040FFDAA1C2BCE187A3A72455.tmp' to '../../../../../../Users/Matt Denny/Desktop/3D Enigines/University/SuperSoapBoxAlpha0.1/Content/VehicleAdvBP/Blueprints/GameMode/TutorialGM.uasset'
[2016.10.29-23.55.30:316][371]LogSavePackage:Display: Finished SavePackage ../../../../../../Users/Matt Denny/Desktop/3D Enigines/University/SuperSoapBoxAlpha0.1/Content/VehicleAdvBP/Blueprints/GameMode/TutorialGM.uasset
[2016.10.29-23.55.51:037][ 41]LogActorComponent: UnregisterComponent: (/Engine/Transient.EditorFloorComp) Not registered. Aborting.
[2016.10.29-23.55.51:227][ 42]Cmd: QUIT_EDITOR
[2016.10.29-23.55.52:117][ 42]LogWindowsTextInputMethodSystem:Display: IME system now deactivated.
[2016.10.29-23.55.52:136][ 42]LogExit: Preparing to exit.
[2016.10.29-23.55.53:000][ 42]LogExit: Editor shut down
[2016.10.29-23.55.53:000][ 42]LogExit: Transaction tracking system shut down
[2016.10.29-23.55.53:125][ 42]LogObj: Freed 0b from 0 cluster array pools.
[2016.10.29-23.55.53:126][ 42]LogExit: Object subsystem successfully closed.
[2016.10.29-23.55.53:138][ 42]LogD3D11RHI: Shutdown
[2016.10.29-23.55.53:139][ 42]LogD3D11RHI: CleanupD3DDevice
[2016.10.29-23.55.53:187][ 42]LogD3D11RHI: ~FD3D11DynamicRHI
[2016.10.29-23.55.53:198][ 42]LogModuleManager: Shutting down and abandoning module MovieSceneCapture (216)
[2016.10.29-23.55.53:198][ 42]LogModuleManager: Shutting down and abandoning module SequencerWidgets (215)
[2016.10.29-23.55.53:198][ 42]LogModuleManager: Shutting down and abandoning module BlueprintGraph (214)
[2016.10.29-23.55.53:198][ 42]LogModuleManager: Shutting down and abandoning module HierarchicalLODOutliner (213)
[2016.10.29-23.55.53:198][ 42]LogModuleManager: Shutting down and abandoning module CrashTracker (212)
[2016.10.29-23.55.53:198][ 42]LogModuleManager: Shutting down and abandoning module SceneOutliner (211)
[2016.10.29-23.55.53:198][ 42]LogModuleManager: Shutting down and abandoning module WidgetCarousel (210)
[2016.10.29-23.55.53:198][ 42]LogModuleManager: Shutting down and abandoning module AddContentDialog (209)
[2016.10.29-23.55.53:199][ 42]LogModuleManager: Shutting down and abandoning module GameplayTags (208)
[2016.10.29-23.55.53:199][ 42]LogModuleManager: Shutting down and abandoning module EditorWidgets (207)
[2016.10.29-23.55.53:199][ 42]LogModuleManager: Shutting down and abandoning module CollectionManager (206)
[2016.10.29-23.55.53:199][ 42]LogModuleManager: Shutting down and abandoning module StatsViewer (205)
[2016.10.29-23.55.53:199][ 42]LogModuleManager: Shutting down and abandoning module FoliageEdit (204)
[2016.10.29-23.55.53:199][ 42]LogModuleManager: Shutting down and abandoning module LandscapeEditor (203)
[2016.10.29-23.55.53:199][ 42]LogModuleManager: Shutting down and abandoning module SceneDepthPickerMode (202)
[2016.10.29-23.55.53:199][ 42]LogModuleManager: Shutting down and abandoning module ActorPickerMode (201)
[2016.10.29-23.55.53:199][ 42]LogModuleManager: Shutting down and abandoning module GeometryMode (200)
[2016.10.29-23.55.53:199][ 42]LogModuleManager: Shutting down and abandoning module TextureAlignMode (199)
[2016.10.29-23.55.53:199][ 42]LogModuleManager: Shutting down and abandoning module BspMode (198)
[2016.10.29-23.55.53:199][ 42]LogModuleManager: Shutting down and abandoning module HardwareSurvey (197)
[2016.10.29-23.55.53:199][ 42]LogModuleManager: Shutting down and abandoning module SequenceRecorderSections (196)
[2016.10.29-23.55.53:199][ 42]LogModuleManager: Shutting down and abandoning module SequenceRecorder (195)
[2016.10.29-23.55.53:199][ 42]LogModuleManager: Shutting down and abandoning module AutomationWorker (194)
[2016.10.29-23.55.53:199][ 42]LogModuleManager: Shutting down and abandoning module MatineeToLevelSequence (193)
[2016.10.29-23.55.53:199][ 42]LogModuleManager: Shutting down and abandoning module PlacementMode (192)
[2016.10.29-23.55.53:199][ 42]LogModuleManager: Shutting down and abandoning module LevelSequenceEditor (191)
[2016.10.29-23.55.53:199][ 42]LogModuleManager: Shutting down and abandoning module CharacterAI (190)
[2016.10.29-23.55.53:199][ 42]LogModuleManager: Shutting down and abandoning module SmartSnapping (189)
[2016.10.29-23.55.53:199][ 42]LogModuleManager: Shutting down and abandoning module SessionServices (188)
[2016.10.29-23.55.53:199][ 42]LogModuleManager: Shutting down and abandoning module ViewportSnapping (187)
[2016.10.29-23.55.53:200][ 42]LogModuleManager: Shutting down and abandoning module LogVisualizer (186)
[2016.10.29-23.55.53:200][ 42]LogModuleManager: Shutting down and abandoning module GameProjectGeneration (185)
[2016.10.29-23.55.53:200][ 42]LogModuleManager: Shutting down and abandoning module IntroTutorials (184)
[2016.10.29-23.55.53:200][ 42]LogModuleManager: Shutting down and abandoning module EditorLiveStreaming (183)
[2016.10.29-23.55.53:200][ 42]LogModuleManager: Shutting down and abandoning module IOSPlatformEditor (182)
[2016.10.29-23.55.53:200][ 42]LogModuleManager: Shutting down and abandoning module HTML5PlatformEditor (181)
[2016.10.29-23.55.53:200][ 42]LogModuleManager: Shutting down and abandoning module AndroidDeviceDetection (180)
[2016.10.29-23.55.53:851][ 42]LogModuleManager: Shutting down and abandoning module AndroidPlatformEditor (179)
[2016.10.29-23.55.53:851][ 42]LogModuleManager: Shutting down and abandoning module IOSRuntimeSettings (178)
[2016.10.29-23.55.53:851][ 42]LogModuleManager: Shutting down and abandoning module AndroidRuntimeSettings (177)
[2016.10.29-23.55.53:851][ 42]LogModuleManager: Shutting down and abandoning module MergeActors (176)
[2016.10.29-23.55.53:851][ 42]LogModuleManager: Shutting down and abandoning module SizeMap (175)
[2016.10.29-23.55.53:852][ 42]LogModuleManager: Shutting down and abandoning module TreeMap (174)
[2016.10.29-23.55.53:852][ 42]LogModuleManager: Shutting down and abandoning module ReferenceViewer (173)
[2016.10.29-23.55.53:852][ 42]LogModuleManager: Shutting down and abandoning module LocalizationService (172)
[2016.10.29-23.55.53:852][ 42]LogModuleManager: Shutting down and abandoning module LocalizationDashboard (171)
[2016.10.29-23.55.53:852][ 42]LogModuleManager: Shutting down and abandoning module HardwareTargeting (170)
[2016.10.29-23.55.53:852][ 42]LogModuleManager: Shutting down and abandoning module DeviceProfileEditor (169)
[2016.10.29-23.55.53:852][ 42]LogModuleManager: Shutting down and abandoning module UndoHistory (168)
[2016.10.29-23.55.53:852][ 42]LogModuleManager: Shutting down and abandoning module UserFeedback (167)
[2016.10.29-23.55.53:852][ 42]LogModuleManager: Shutting down and abandoning module XmlParser (166)
[2016.10.29-23.55.53:852][ 42]LogModuleManager: Shutting down and abandoning module Blutility (165)
[2016.10.29-23.55.53:852][ 42]LogModuleManager: Shutting down and abandoning module ProjectTargetPlatformEditor (164)
[2016.10.29-23.55.53:852][ 42]LogModuleManager: Shutting down and abandoning module ProjectSettingsViewer (163)
[2016.10.29-23.55.53:852][ 42]LogModuleManager: Shutting down and abandoning module InputBindingEditor (162)
[2016.10.29-23.55.53:852][ 42]LogModuleManager: Shutting down and abandoning module EditorSettingsViewer (161)
[2016.10.29-23.55.53:852][ 42]LogModuleManager: Shutting down and abandoning module SettingsEditor (160)
[2016.10.29-23.55.53:852][ 42]LogModuleManager: Shutting down and abandoning module ProjectLauncher (159)
[2016.10.29-23.55.53:852][ 42]LogModuleManager: Shutting down and abandoning module SessionFrontend (158)
[2016.10.29-23.55.53:852][ 42]LogModuleManager: Shutting down and abandoning module ProfilerClient (157)
[2016.10.29-23.55.53:852][ 42]LogModuleManager: Shutting down and abandoning module TargetDeviceServices (156)
[2016.10.29-23.55.53:852][ 42]LogModuleManager: Shutting down and abandoning module DeviceManager (155)
[2016.10.29-23.55.53:894][ 42]LogModuleManager: Shutting down and abandoning module AutomationController (154)
[2016.10.29-23.55.53:894][ 42]LogModuleManager: Shutting down and abandoning module AutomationWindow (153)
[2016.10.29-23.55.53:894][ 42]LogModuleManager: Shutting down and abandoning module Layers (152)
[2016.10.29-23.55.53:894][ 42]LogModuleManager: Shutting down and abandoning module ComponentVisualizers (151)
[2016.10.29-23.55.53:894][ 42]LogModuleManager: Shutting down and abandoning module DetailCustomizations (150)
[2016.10.29-23.55.53:894][ 42]LogModuleManager: Shutting down and abandoning module PackagesDialog (149)
[2016.10.29-23.55.53:894][ 42]LogModuleManager: Shutting down and abandoning module Persona (148)
[2016.10.29-23.55.53:894][ 42]LogModuleManager: Shutting down and abandoning module Kismet (147)
[2016.10.29-23.55.53:894][ 42]LogModuleManager: Shutting down and abandoning module GraphEditor (146)
[2016.10.29-23.55.53:894][ 42]LogModuleManager: Shutting down and abandoning module ClassViewer (145)
[2016.10.29-23.55.53:894][ 42]LogModuleManager: Shutting down and abandoning module Toolbox (144)
[2016.10.29-23.55.53:895][ 42]LogModuleManager: Shutting down and abandoning module ModuleUI (143)
[2016.10.29-23.55.53:895][ 42]LogModuleManager: Shutting down and abandoning module MovieSceneTools (142)
[2016.10.29-23.55.53:895][ 42]LogModuleManager: Shutting down and abandoning module OutputLog (141)
[2016.10.29-23.55.53:895][ 42]LogModuleManager: Shutting down and abandoning module GammaUI (140)
[2016.10.29-23.55.53:895][ 42]LogModuleManager: Shutting down and abandoning module Documentation (139)
[2016.10.29-23.55.53:895][ 42]LogModuleManager: Shutting down and abandoning module StreamingPauseRendering (138)
[2016.10.29-23.55.53:895][ 42]LogModuleManager: Shutting down and abandoning module AnalyticsET (137)
[2016.10.29-23.55.53:895][ 42]LogModuleManager: Shutting down and abandoning module Analytics (136)
[2016.10.29-23.55.53:895][ 42]LogModuleManager: Shutting down and abandoning module PortalServices (135)
[2016.10.29-23.55.53:895][ 42]LogModuleManager: Shutting down and abandoning module PortalRpc (134)
[2016.10.29-23.55.53:895][ 42]LogModuleManager: Shutting down and abandoning module MessagingRpc (133)
[2016.10.29-23.55.53:895][ 42]LogModuleManager: Shutting down and abandoning module GameplayDebugger (132)
[2016.10.29-23.55.53:895][ 42]LogModuleManager: Shutting down and abandoning module AITestSuite (131)
[2016.10.29-23.55.53:895][ 42]LogModuleManager: Shutting down and abandoning module AIModule (130)
[2016.10.29-23.55.53:895][ 42]LogModuleManager: Shutting down and abandoning module ProfilerService (129)
[2016.10.29-23.55.54:043][ 42]LogModuleManager: Shutting down and abandoning module TaskGraph (128)
[2016.10.29-23.55.54:043][ 42]LogModuleManager: Shutting down and abandoning module SlateRemote (127)
[2016.10.29-23.55.54:043][ 42]LogModuleManager: Shutting down and abandoning module SteamVRController (126)
[2016.10.29-23.55.54:043][ 42]LogModuleManager: Shutting down and abandoning module SteamVR (125)
[2016.10.29-23.55.54:043][ 42]LogModuleManager: Shutting down and abandoning module ProceduralMeshComponent (124)
[2016.10.29-23.55.54:043][ 42]LogModuleManager: Shutting down and abandoning module OculusLibrary (123)
[2016.10.29-23.55.54:043][ 42]LogModuleManager: Shutting down and abandoning module OculusInput (122)
[2016.10.29-23.55.54:043][ 42]LogModuleManager: Shutting down and abandoning module CustomMeshComponent (121)
[2016.10.29-23.55.54:043][ 42]LogModuleManager: Shutting down and abandoning module CableComponent (120)
[2016.10.29-23.55.54:043][ 42]LogModuleManager: Shutting down and abandoning module ArchVisCharacter (119)
[2016.10.29-23.55.54:043][ 42]LogModuleManager: Shutting down and abandoning module MediaPlayerEditor (118)
[2016.10.29-23.55.54:043][ 42]LogModuleManager: Shutting down and abandoning module HTML5Networking (117)
[2016.10.29-23.55.54:043][ 42]LogModuleManager: Shutting down and abandoning module SuperSearch (116)
[2016.10.29-23.55.54:043][ 42]LogModuleManager: Shutting down and abandoning module SuperSearchEditor (115)
[2016.10.29-23.55.54:043][ 42]LogModuleManager: Shutting down and abandoning module SpeedTreeImporter (114)
[2016.10.29-23.55.54:043][ 42]LogModuleManager: Shutting down and abandoning module PluginBrowser (113)
[2016.10.29-23.55.54:043][ 42]LogModuleManager: Shutting down and abandoning module EpicSurvey (112)
[2016.10.29-23.55.54:043][ 42]LogModuleManager: Shutting down and abandoning module DesktopPlatform (111)
[2016.10.29-23.55.54:043][ 42]LogModuleManager: Shutting down and abandoning module VisualStudioSourceCodeAccess (110)
[2016.10.29-23.55.54:043][ 42]LogModuleManager: Shutting down and abandoning module UObjectPlugin (109)
[2016.10.29-23.55.54:043][ 42]LogModuleManager: Shutting down and abandoning module SubversionSourceControl (108)
[2016.10.29-23.55.54:043][ 42]LogModuleManager: Shutting down and abandoning module PerforceSourceControl (107)
[2016.10.29-23.55.54:043][ 42]LogModuleManager: Shutting down and abandoning module SourceControl (106)
[2016.10.29-23.55.54:043][ 42]LogModuleManager: Shutting down and abandoning module GitSourceControl (105)
[2016.10.29-23.55.54:043][ 42]LogModuleManager: Shutting down and abandoning module LightPropagationVolumeEditor (104)
[2016.10.29-23.55.54:043][ 42]LogModuleManager: Shutting down and abandoning module PaperTiledImporter (103)
[2016.10.29-23.55.54:043][ 42]LogModuleManager: Shutting down and abandoning module PaperSpriteSheetImporter (102)
[2016.10.29-23.55.54:043][ 42]LogModuleManager: Shutting down and abandoning module MeshPaint (101)
[2016.10.29-23.55.54:043][ 42]LogModuleManager: Shutting down and abandoning module PixelInspectorModule (100)
[2016.10.29-23.55.54:043][ 42]LogModuleManager: Shutting down and abandoning module HotReload (99)
[2016.10.29-23.55.54:043][ 42]LogModuleManager: Shutting down and abandoning module MainFrame (98)
[2016.10.29-23.55.54:043][ 42]LogModuleManager: Shutting down and abandoning module LevelEditor (97)
[2016.10.29-23.55.54:044][ 42]LogModuleManager: Shutting down and abandoning module ContentBrowser (96)
[2016.10.29-23.55.54:045][ 42]LogModuleManager: Shutting down and abandoning module Paper2DEditor (95)
[2016.10.29-23.55.54:045][ 42]LogModuleManager: Shutting down and abandoning module UdpMessaging (94)
[2016.10.29-23.55.54:146][ 42]LogModuleManager: Shutting down and abandoning module LightPropagationVolumeRuntime (93)
[2016.10.29-23.55.54:146][ 42]LogModuleManager: Shutting down and abandoning module Paper2D (92)
[2016.10.29-23.55.54:146][ 42]LogModuleManager: Shutting down and abandoning module WindowsMoviePlayer (91)
[2016.10.29-23.55.54:146][ 42]LogModuleManager: Shutting down and abandoning module Media (90)
[2016.10.29-23.55.54:146][ 42]LogModuleManager: Shutting down and abandoning module WmfMedia (89)
[2016.10.29-23.55.54:146][ 42]LogModuleManager: Shutting down and abandoning module MediaAssets (88)
[2016.10.29-23.55.54:146][ 42]LogModuleManager: Shutting down and abandoning module GameLiveStreaming (87)
[2016.10.29-23.55.54:146][ 42]LogModuleManager: Shutting down and abandoning module GameplayTagsEditor (86)
[2016.10.29-23.55.54:146][ 42]LogModuleManager: Shutting down and abandoning module OnlineBlueprintSupport (85)
[2016.10.29-23.55.54:146][ 42]LogModuleManager: Shutting down and abandoning module VREditor (84)
[2016.10.29-23.55.54:146][ 42]LogModuleManager: Shutting down and abandoning module GameplayTasksEditor (83)
[2016.10.29-23.55.54:146][ 42]LogModuleManager: Shutting down and abandoning module PropertyEditor (82)
[2016.10.29-23.55.54:146][ 42]LogModuleManager: Shutting down and abandoning module BehaviorTreeEditor (81)
[2016.10.29-23.55.54:146][ 42]LogModuleManager: Shutting down and abandoning module FunctionalTesting (80)
[2016.10.29-23.55.54:146][ 42]LogModuleManager: Shutting down and abandoning module CollisionAnalyzer (79)
[2016.10.29-23.55.54:146][ 42]LogModuleManager: Shutting down and abandoning module Sequencer (78)
[2016.10.29-23.55.54:146][ 42]LogModuleManager: Shutting down and abandoning module WorkspaceMenuStructure (77)
[2016.10.29-23.55.54:146][ 42]LogModuleManager: Shutting down and abandoning module MessageLog (76)
[2016.10.29-23.55.54:146][ 42]LogModuleManager: Shutting down and abandoning module AssetTools (75)
[2016.10.29-23.55.54:146][ 42]LogModuleManager: Shutting down and abandoning module UMGEditor (74)
[2016.10.29-23.55.54:146][ 42]LogModuleManager: Shutting down and abandoning module UMG (73)
[2016.10.29-23.55.54:146][ 42]LogModuleManager: Shutting down and abandoning module SlateReflector (72)
[2016.10.29-23.55.54:146][ 42]LogModuleManager: Shutting down and abandoning module Slate (71)
[2016.10.29-23.55.54:146][ 42]LogModuleManager: Shutting down and abandoning module EditorStyle (70)
[2016.10.29-23.55.54:148][ 42]LogModuleManager: Shutting down and abandoning module SourceCodeAccess (69)
[2016.10.29-23.55.54:148][ 42]LogModuleManager: Shutting down and abandoning module HeadMountedDisplay (68)
[2016.10.29-23.55.54:148][ 42]LogModuleManager: Shutting down and abandoning module XAudio2 (67)
[2016.10.29-23.55.54:148][ 42]LogModuleManager: Shutting down and abandoning module Networking (65)
[2016.10.29-23.55.54:148][ 42]LogModuleManager: Shutting down and abandoning module Core (64)
[2016.10.29-23.55.54:148][ 42]LogModuleManager: Shutting down and abandoning module DirectoryWatcher (63)
[2016.10.29-23.55.54:149][ 42]LogModuleManager: Shutting down and abandoning module AssetRegistry (62)
[2016.10.29-23.55.54:370][ 42]LogModuleManager: Shutting down and abandoning module KismetCompiler (61)
[2016.10.29-23.55.54:370][ 42]LogModuleManager: Shutting down and abandoning module PhysXFormats (60)
[2016.10.29-23.55.54:370][ 42]LogModuleManager: Shutting down and abandoning module MeshUtilities (59)
[2016.10.29-23.55.54:370][ 42]LogModuleManager: Shutting down and abandoning module DerivedDataCache (58)
[2016.10.29-23.55.54:414][ 42]LogDerivedDataCache: Shutdown
[2016.10.29-23.55.54:414][ 42]LogModuleManager: Shutting down and abandoning module VulkanShaderFormat (57)
[2016.10.29-23.55.54:414][ 42]LogModuleManager: Shutting down and abandoning module ShaderFormatOpenGL (56)
[2016.10.29-23.55.54:414][ 42]LogModuleManager: Shutting down and abandoning module ShaderFormatD3D (55)
[2016.10.29-23.55.54:414][ 42]LogModuleManager: Shutting down and abandoning module MetalShaderFormat (54)
[2016.10.29-23.55.54:414][ 42]LogModuleManager: Shutting down and abandoning module TextureFormatUncompressed (53)
[2016.10.29-23.55.54:414][ 42]LogModuleManager: Shutting down and abandoning module TextureFormatPVR (52)
[2016.10.29-23.55.54:414][ 42]LogModuleManager: Shutting down and abandoning module TextureFormatIntelISPCTexComp (51)
[2016.10.29-23.55.54:414][ 42]LogModuleManager: Shutting down and abandoning module TextureFormatDXT (50)
[2016.10.29-23.55.54:414][ 42]LogModuleManager: Shutting down and abandoning module ImageWrapper (49)
[2016.10.29-23.55.54:414][ 42]LogModuleManager: Shutting down and abandoning module TextureFormatASTC (48)
[2016.10.29-23.55.54:414][ 42]LogModuleManager: Shutting down and abandoning module TextureFormatAndroid (47)
[2016.10.29-23.55.54:414][ 42]LogModuleManager: Shutting down and abandoning module AudioFormatOpus (46)
[2016.10.29-23.55.54:414][ 42]LogModuleManager: Shutting down and abandoning module AudioFormatOgg (45)
[2016.10.29-23.55.54:414][ 42]LogModuleManager: Shutting down and abandoning module AudioFormatADPCM (44)
[2016.10.29-23.55.54:414][ 42]LogModuleManager: Shutting down and abandoning module LinuxTargetPlatform (43)
[2016.10.29-23.55.54:414][ 42]LogModuleManager: Shutting down and abandoning module LinuxServerTargetPlatform (42)
[2016.10.29-23.55.54:414][ 42]LogModuleManager: Shutting down and abandoning module LinuxNoEditorTargetPlatform (41)
[2016.10.29-23.55.54:414][ 42]LogModuleManager: Shutting down and abandoning module TVOSTargetPlatform (40)
[2016.10.29-23.55.54:414][ 42]LogModuleManager: Shutting down and abandoning module Messaging (39)
[2016.10.29-23.55.54:414][ 42]LogModuleManager: Shutting down and abandoning module IOSTargetPlatform (38)
[2016.10.29-23.55.54:414][ 42]LogModuleManager: Shutting down and abandoning module HTML5TargetPlatform (37)
[2016.10.29-23.55.54:414][ 42]LogModuleManager: Shutting down and abandoning module Android_PVRTCTargetPlatform (36)
[2016.10.29-23.55.54:414][ 42]LogModuleManager: Shutting down and abandoning module Android_MultiTargetPlatform (35)
[2016.10.29-23.55.54:414][ 42]LogModuleManager: Shutting down and abandoning module Android_ETC2TargetPlatform (34)
[2016.10.29-23.55.54:414][ 42]LogModuleManager: Shutting down and abandoning module Android_ETC1TargetPlatform (33)
[2016.10.29-23.55.54:414][ 42]LogModuleManager: Shutting down and abandoning module Android_DXTTargetPlatform (32)
[2016.10.29-23.55.54:414][ 42]LogModuleManager: Shutting down and abandoning module Android_ATCTargetPlatform (31)
[2016.10.29-23.55.54:414][ 42]LogModuleManager: Shutting down and abandoning module Android_ASTCTargetPlatform (30)
[2016.10.29-23.55.54:414][ 42]LogModuleManager: Shutting down and abandoning module AndroidTargetPlatform (29)
[2016.10.29-23.55.54:414][ 42]LogModuleManager: Shutting down and abandoning module WindowsTargetPlatform (28)
[2016.10.29-23.55.54:414][ 42]LogModuleManager: Shutting down and abandoning module WindowsServerTargetPlatform (27)
[2016.10.29-23.55.54:414][ 42]LogModuleManager: Shutting down and abandoning module WindowsNoEditorTargetPlatform (26)
[2016.10.29-23.55.54:414][ 42]LogModuleManager: Shutting down and abandoning module WindowsClientTargetPlatform (25)
[2016.10.29-23.55.54:414][ 42]LogModuleManager: Shutting down and abandoning module AllDesktopTargetPlatform (24)
[2016.10.29-23.55.54:414][ 42]LogModuleManager: Shutting down and abandoning module TargetPlatform (23)
[2016.10.29-23.55.54:414][ 42]LogModuleManager: Shutting down and abandoning module InputCore (22)
[2016.10.29-23.55.54:414][ 42]LogModuleManager: Shutting down and abandoning module Settings (21)
[2016.10.29-23.55.54:414][ 42]LogModuleManager: Shutting down and abandoning module OnlineSubsystem (19)
[2016.10.29-23.55.54:414][ 42]LogModuleManager: Shutting down and abandoning module HTTP (18)
[2016.10.29-23.55.57:417][ 42]LogModuleManager: Shutting down and abandoning module XMPP (17)
[2016.10.29-23.55.57:417][ 42]LogModuleManager: Shutting down and abandoning module OculusRift (16)
[2016.10.29-23.55.57:417][ 42]LogModuleManager: Shutting down and abandoning module ExampleDeviceProfileSelector (15)
[2016.10.29-23.55.57:417][ 42]LogModuleManager: Shutting down and abandoning module TextureCompressor (14)
[2016.10.29-23.55.57:417][ 42]LogModuleManager: Shutting down and abandoning module ShaderCore (13)
[2016.10.29-23.55.57:417][ 42]LogModuleManager: Shutting down and abandoning module Landscape (12)
[2016.10.29-23.55.57:417][ 42]LogModuleManager: Shutting down and abandoning module SlateRHIRenderer (11)
[2016.10.29-23.55.57:420][ 42]LogModuleManager: Shutting down and abandoning module OpenGLDrv (10)
[2016.10.29-23.55.57:420][ 42]LogModuleManager: Shutting down and abandoning module D3D11RHI (9)
[2016.10.29-23.55.57:420][ 42]LogModuleManager: Shutting down and abandoning module AnimGraphRuntime (8)
[2016.10.29-23.55.57:420][ 42]LogModuleManager: Shutting down and abandoning module Renderer (7)
[2016.10.29-23.55.57:420][ 42]LogModuleManager: Shutting down and abandoning module Engine (6)
[2016.10.29-23.55.57:420][ 42]LogModuleManager: Shutting down and abandoning module CoreUObject (5)
[2016.10.29-23.55.57:420][ 42]LogModuleManager: Shutting down and abandoning module NetworkFile (4)
[2016.10.29-23.55.57:420][ 42]LogModuleManager: Shutting down and abandoning module StreamingFile (3)
[2016.10.29-23.55.57:420][ 42]LogModuleManager: Shutting down and abandoning module SandboxFile (2)
[2016.10.29-23.55.57:420][ 42]LogModuleManager: Shutting down and abandoning module PakFile (1)
[2016.10.29-23.55.57:421][ 42]LogExit: Exiting.
[2016.10.29-23.55.57:422][ 42]Log file closed, 10/30/16 00:55:57
