Log file open, 10/29/16 18:26:53
LogInit:Display: Running engine for game: prototype1_Racing
LogPlatformFile: Not using cached read wrapper
LogInit:Display: RandInit(-2143624513) SRandInit(-2143624511).
LogTaskGraph: Started task graph with 4 named threads and 7 total threads with 1 sets of task threads.
LogStats: Stats thread started at 0.071711
LogInit: Version: 4.12.5-3039270+++UE4+Release-4.12
LogInit: API Version: 2992821
LogInit: Net Version: 3039270
LogDevObjectVersion: Number of dev versions registered: 13
LogDevObjectVersion:   Dev-Blueprints (B0D832E4-1F89-4F0D-ACCF-7EB736FD4AA2): 3
LogDevObjectVersion:   Dev-Build (E1C64328-A22C-4D53-A36C-8E866417BD8C): 0
LogDevObjectVersion:   Dev-Core (375EC13C-06E4-48FB-B500-84F0262A717E): 1
LogDevObjectVersion:   Dev-Editor (E4B068ED-F494-42E9-A231-DA0B2E46BB41): 2
LogDevObjectVersion:   Dev-Framework (CFFC743F-43B0-4480-9391-14DF171D2073): 6
LogDevObjectVersion:   Dev-Mobile (B02B49B5-BB20-44E9-A304-32B752E40360): 0
LogDevObjectVersion:   Dev-Networking (A4E4105C-59A1-49B5-A7C5-40C4547EDFEE): 0
LogDevObjectVersion:   Dev-Online (39C831C9-5AE6-47DC-9A44-9C173E1C8E7C): 0
LogDevObjectVersion:   Dev-Physics (78F01B33-EBEA-4F98-B9B4-84EACCB95AA2): 0
LogDevObjectVersion:   Dev-Platform (6631380F-2D4D-43E0-8009-CF276956A95A): 0
LogDevObjectVersion:   Dev-Rendering (12F88B9F-8875-4AFC-A67C-D90C383ABD29): 2
LogDevObjectVersion:   Dev-Sequencer (7B5AE74C-D270-4C10-A958-57980B212A5A): 0
LogDevObjectVersion:   Dev-VR (D7296918-1DD6-4BDD-9DE2-64A83CC13884): 0
LogInit: Compiled (64-bit): Jul  6 2016 09:09:46
LogInit: Compiled with Visual C++: 19.00.23026.00
LogInit: Build Configuration: Development
LogInit: Branch Name: ++UE4+Release-4.12
LogInit: Command line:  
LogInit: Base directory: C:/Program Files/Epic Games/4.12/Engine/Binaries/Win64/
LogInit: Installed Engine Build: 1
LogInit: Using libcurl 7.41.0
LogInit:  - built for x86_64-pc-win32
LogInit:  - supports SSL with WinSSL
LogInit:  - other features:
LogInit:      CURL_VERSION_SSL
LogInit:      CURL_VERSION_IPV6
LogInit:      CURL_VERSION_ASYNCHDNS
LogInit:      CURL_VERSION_LARGEFILE
LogInit:      CURL_VERSION_IDN
LogInit:  CurlRequestOptions (configurable via config and command line):
LogInit:  - bVerifyPeer = true  - Libcurl will verify peer certificate
LogInit:  - bUseHttpProxy = false  - Libcurl will NOT use HTTP proxy
LogInit:  - bDontReuseConnections = false  - Libcurl will reuse connections
LogInit:  - CertBundlePath = nullptr  - Libcurl will use whatever was configured at build time.
LogInit: Presizing for max 8388607 objects, including 0 objects not considered by GC, pre-allocating 0 bytes for permanent pool.
LogInit: Object subsystem initialized
[2016.10.29-17.26.53:643][  0]LogInit: Selected Device Profile: [Windows]
[2016.10.29-17.26.53:643][  0]LogInit: Applying CVar settings loaded from the selected device profile: [Windows]
[2016.10.29-17.26.53:652][  0]LogInit: Computer: KIYUMINIKURO
[2016.10.29-17.26.53:652][  0]LogInit: User: MattDenny
[2016.10.29-17.26.53:652][  0]LogInit: CPU Page size=65536, Cores=4
[2016.10.29-17.26.53:652][  0]LogInit: High frequency timer resolution =3.906250 MHz
[2016.10.29-17.26.53:652][  0]LogMemory: Memory total: Physical=15.9GB (16GB approx)
[2016.10.29-17.26.53:652][  0]LogMemory: Platform Memory Stats for Windows
[2016.10.29-17.26.53:652][  0]LogMemory: Process Physical Memory: 190.49 MB used, 190.49 MB peak
[2016.10.29-17.26.53:652][  0]LogMemory: Process Virtual Memory: 195.32 MB used, 195.32 MB peak
[2016.10.29-17.26.53:652][  0]LogMemory: Physical Memory: 7633.88 MB used, 16332.68 MB total
[2016.10.29-17.26.53:652][  0]LogMemory: Virtual Memory: 553.58 MB used, 134217728.00 MB total
[2016.10.29-17.26.53:684][  0]LogTextLocalizationManager: No specific translations for ('en-GB') exist, so ('en') translations will be used.
[2016.10.29-17.26.53:991][  0]LogD3D11RHI: D3D11 adapters:
[2016.10.29-17.26.54:408][  0]LogD3D11RHI:    0. 'NVIDIA GeForce GTX 1070' (Feature Level 11_0)
[2016.10.29-17.26.54:408][  0]LogD3D11RHI:       8145/0/8166 MB DedicatedVideo/DedicatedSystem/SharedSystem, Outputs:2, VendorId:0x10de
[2016.10.29-17.26.54:409][  0]LogD3D11RHI:    1. 'Microsoft Basic Render Driver' (Feature Level 11_0)
[2016.10.29-17.26.54:409][  0]LogD3D11RHI:       0/0/8166 MB DedicatedVideo/DedicatedSystem/SharedSystem, Outputs:0, VendorId:0x1414
[2016.10.29-17.26.54:409][  0]LogD3D11RHI: Chosen D3D11 Adapter: 0
[2016.10.29-17.26.54:418][  0]LogD3D11RHI: Creating new Direct3DDevice
[2016.10.29-17.26.54:418][  0]LogD3D11RHI:     GPU DeviceId: 0x1b81 (for the marketing name, search the web for "GPU Device Id")
[2016.10.29-17.26.54:418][  0]LogWindows: EnumDisplayDevices:
[2016.10.29-17.26.54:418][  0]LogWindows:    0. 'NVIDIA GeForce GTX 1070' (P:1 D:1)
[2016.10.29-17.26.54:418][  0]LogWindows:    1. 'NVIDIA GeForce GTX 1070' (P:0 D:1)
[2016.10.29-17.26.54:418][  0]LogWindows:    2. 'NVIDIA GeForce GTX 1070' (P:0 D:0)
[2016.10.29-17.26.54:418][  0]LogWindows:    3. 'NVIDIA GeForce GTX 1070' (P:0 D:0)
[2016.10.29-17.26.54:418][  0]LogWindows: DebugString: FoundDriverCount:4 
[2016.10.29-17.26.54:418][  0]LogD3D11RHI:     Adapter Name: NVIDIA GeForce GTX 1070
[2016.10.29-17.26.54:418][  0]LogD3D11RHI:   Driver Version: 375.70 (internal:21.21.13.7570, unified:375.70)
[2016.10.29-17.26.54:418][  0]LogD3D11RHI:      Driver Date: 10-25-2016
[2016.10.29-17.26.54:418][  0]LogRHI: Texture pool is 1361 MB (70% of 1945 MB)
[2016.10.29-17.26.54:803][  0]LogD3D11RHI: Async texture creation enabled
[2016.10.29-17.26.54:839][  0]LogD3D11RHI: GPU Timing Frequency: 1000.000000 (Debug: 2 1)
[2016.10.29-17.26.54:839][  0]LogShaderCompilers: Guid format shader working directory is -39 characters bigger than the processId version (../../../../../../Users/Matt Denny/Desktop/3D Enigines/University/SuperSoapBoxAlpha0.1/Intermediate/Shaders/WorkingDirectory/114380/).
[2016.10.29-17.26.54:839][  0]LogShaderCompilers: Cleaned the shader compiler working directory 'C:/Users/MATTDE~1/AppData/Local/Temp/UnrealShaderWorkingDir/4CBCEB5B45033DBC786124802CC5A09A/'.
[2016.10.29-17.26.54:839][  0]LogShaderCompilers:Display: Using Local Shader Compiler.
[2016.10.29-17.26.55:528][  0]LogTemp:Display: Loaded TP AllDesktopTargetPlatform
[2016.10.29-17.26.55:535][  0]LogTemp:Display: Loaded TP WindowsClientTargetPlatform
[2016.10.29-17.26.55:543][  0]LogTemp:Display: Loaded TP WindowsNoEditorTargetPlatform
[2016.10.29-17.26.55:550][  0]LogTemp:Display: Loaded TP WindowsServerTargetPlatform
[2016.10.29-17.26.55:558][  0]LogTemp:Display: Loaded TP WindowsTargetPlatform
[2016.10.29-17.26.55:563][  0]LogTemp:Display: Loaded TP AndroidTargetPlatform
[2016.10.29-17.26.55:570][  0]LogTemp:Display: Loaded TP Android_ASTCTargetPlatform
[2016.10.29-17.26.55:576][  0]LogTemp:Display: Loaded TP Android_ATCTargetPlatform
[2016.10.29-17.26.55:582][  0]LogTemp:Display: Loaded TP Android_DXTTargetPlatform
[2016.10.29-17.26.55:590][  0]LogTemp:Display: Loaded TP Android_ETC1TargetPlatform
[2016.10.29-17.26.55:596][  0]LogTemp:Display: Loaded TP Android_ETC2TargetPlatform
[2016.10.29-17.26.55:608][  0]LogTemp:Display: Loaded TP Android_MultiTargetPlatform
[2016.10.29-17.26.55:608][  0]LogTemp:Display: Loaded TP Android_PVRTCTargetPlatform
[2016.10.29-17.26.55:608][  0]LogTemp:Display: Loaded TP HTML5TargetPlatform
[2016.10.29-17.26.55:627][  0]LogTemp:Display: Loaded TP IOSTargetPlatform
[2016.10.29-17.26.55:634][  0]LogTemp:Display: Loaded TP TVOSTargetPlatform
[2016.10.29-17.26.55:639][  0]LogTemp:Display: Loaded TP LinuxNoEditorTargetPlatform
[2016.10.29-17.26.55:645][  0]LogTemp:Display: Loaded TP LinuxServerTargetPlatform
[2016.10.29-17.26.55:651][  0]LogTemp:Display: Loaded TP LinuxTargetPlatform
[2016.10.29-17.26.55:651][  0]LogTargetPlatformManager:Display: Building Assets For Windows
[2016.10.29-17.26.55:727][  0]LogDerivedDataCache:Display: Max Cache Size: 512 MB
[2016.10.29-17.26.55:764][  0]LogDerivedDataCache: Loaded boot cache 0.04s 48MB C:/Users/Matt Denny/AppData/Local/UnrealEngine/4.12/DerivedDataCache/Boot.ddc.
[2016.10.29-17.26.55:764][  0]LogDerivedDataCache:Display: Loaded Boot cache: C:/Users/Matt Denny/AppData/Local/UnrealEngine/4.12/DerivedDataCache/Boot.ddc
[2016.10.29-17.26.55:764][  0]LogDerivedDataCache: FDerivedDataBackendGraph:  Pak pak cache file ../../../../../../Users/Matt Denny/Desktop/3D Enigines/University/SuperSoapBoxAlpha0.1/DerivedDataCache/DDC.ddp not found, will not use a pak cache.
[2016.10.29-17.26.55:764][  0]LogDerivedDataCache: Unable to find inner node Pak for hierarchical cache Hierarchy.
[2016.10.29-17.26.55:765][  0]LogDerivedDataCache: FDerivedDataBackendGraph:  CompressedPak pak cache file ../../../../../../Users/Matt Denny/Desktop/3D Enigines/University/SuperSoapBoxAlpha0.1/DerivedDataCache/Compressed.ddp not found, will not use a pak cache.
[2016.10.29-17.26.55:765][  0]LogDerivedDataCache: Unable to find inner node CompressedPak for hierarchical cache Hierarchy.
[2016.10.29-17.26.55:777][  0]LogDerivedDataCache:Display: Pak cache opened for reading ../../../Engine/DerivedDataCache/Compressed.ddp.
[2016.10.29-17.26.55:788][  0]LogDerivedDataCache: Using Local data cache path C:/Users/Matt Denny/AppData/Local/UnrealEngine/Common/DerivedDataCache: Writable
[2016.10.29-17.26.55:922][  0]LogInit: Selected Device Profile: [Windows]
[2016.10.29-17.26.55:922][  0]LogContentStreaming: Texture pool size is 0.00 MB
[2016.10.29-17.26.56:037][  0]LogMeshUtilities: No automatic mesh reduction module available
[2016.10.29-17.26.56:037][  0]LogMeshUtilities: No automatic mesh merging module available
[2016.10.29-17.26.56:037][  0]LogMeshUtilities: No distributed automatic mesh merging module available
[2016.10.29-17.26.56:219][  0]LogAssetRegistry: FAssetRegistry took 0.0211 seconds to start up
[2016.10.29-17.26.56:249][  0]LogPackageLocalizationCache: Processed 3 localized package path(s) for 2 prioritized culture(s) in 0.025592 seconds
[2016.10.29-17.26.56:253][  0]LogUObjectArray: 28739 objects as part of root set at end of initial load.
[2016.10.29-17.26.56:253][  0]LogUObjectAllocator: 5855632 out of 0 bytes used by permanent object pool.
[2016.10.29-17.26.56:253][  0]LogUObjectArray: CloseDisregardForGC: 0/0 objects in disregard for GC pool
[2016.10.29-17.26.56:263][  0]LogInit: WinSock: version 1.1 (2.2), MaxSocks=32767, MaxUdp=65467
[2016.10.29-17.26.56:406][  0]LogSlate: SlateFontCache - WITH_FREETYPE: 1, WITH_HARFBUZZ: 1
[2016.10.29-17.26.56:406][  0]LogSlate: SlateFontCache - WITH_FREETYPE: 1, WITH_HARFBUZZ: 1
[2016.10.29-17.26.56:875][  0]LogUdpMessaging: Initializing bridge on interface 0.0.0.0:0 to multicast group 230.0.0.1:6666.
[2016.10.29-17.26.57:055][  0]SourceControl: Info Source control is disabled
[2016.10.29-17.26.57:056][  0]SourceControl: Info Source control is disabled
[2016.10.29-17.26.57:065][  0]SourceControl: Info Source control is disabled
[2016.10.29-17.26.57:074][  0]SourceControl: Info Source control is disabled
[2016.10.29-17.26.57:198][  0]LogLinker:Warning: Can't find file '/Game/ThirdPersonBP/ThirdPersonOverview'
[2016.10.29-17.26.57:198][  0]LogLinker:Warning: Can't find file '/Game/ThirdPersonBP/ThirdPersonOverview'
[2016.10.29-17.26.57:198][  0]LogUObjectGlobals:Warning: Failed to find object 'Class /Game/ThirdPersonBP/ThirdPersonOverview.ThirdPersonOverview_C'
[2016.10.29-17.26.57:349][  0]LogEngine: Initializing Engine...
[2016.10.29-17.26.57:349][  0]LogHMD: SteamVR failed to initialize.  Err: 110
[2016.10.29-17.26.57:350][  0]LogHMD: SteamVR failed to initialize.  Err: 110
[2016.10.29-17.26.57:450][  0]LogAIModule: Creating AISystem for world NewWorld
[2016.10.29-17.26.57:458][  0]LogInit: XAudio2 using 'Speakers (Realtek High Definition Audio)' : 2 channels at 48 kHz using 32 bits per sample (channel mask 0x3)
[2016.10.29-17.26.57:471][  0]LogInit: FAudioDevice initialized.
[2016.10.29-17.26.57:490][  0]LogDerivedDataCache: Saved boot cache 0.02s 48MB C:/Users/Matt Denny/AppData/Local/UnrealEngine/4.12/DerivedDataCache/Boot.ddc.
[2016.10.29-17.26.57:496][  0]LogInit: Texture streaming: Enabled
[2016.10.29-17.26.57:525][  0]LogInit: Transaction tracking system initialized
[2016.10.29-17.26.57:553][  0]BlueprintLog: New page: Editor Load
[2016.10.29-17.26.57:661][  0]LocalizationService: Info Localization service is disabled
[2016.10.29-17.26.57:719][  0]LogConsoleResponse:Display: 
[2016.10.29-17.26.57:803][  0]LogCook:Display: Max memory allowance for cook 8192mb
[2016.10.29-17.26.57:803][  0]LogCook:Display: Mobile HDR setting 1
[2016.10.29-17.26.57:903][  0]LogFileCache: Scanning file cache for directory 'C:/Users/Matt Denny/Desktop/3D Enigines/University/SuperSoapBoxAlpha0.1/Content/' took 0.02s
[2016.10.29-17.26.57:903][  0]SourceControl: Info Source control is disabled
[2016.10.29-17.26.57:903][  0]Cmd: MAP LOAD FILE="../../../../../../Users/Matt Denny/Desktop/3D Enigines/University/SuperSoapBoxAlpha0.1/Content/VehicleAdvBP/Maps/VehicleAdvExampleMap.umap" TEMPLATE=0 SHOWPROGRESS=1 FEATURELEVEL=3
[2016.10.29-17.26.57:903][  0]LightingResults: New page: Lighting Build
[2016.10.29-17.26.57:906][  0]MapCheck: New page: Map Check
[2016.10.29-17.26.57:906][  0]LightingResults: New page: Lighting Build
[2016.10.29-17.26.59:066][  0]LogAIModule: Creating AISystem for world VehicleAdvExampleMap
[2016.10.29-17.26.59:300][  0]LogEditorServer: Finished looking for orphan Actors (0.000 secs)
[2016.10.29-17.26.59:300][  0]Cmd: MAP CHECKDEP NOCLEARLOG
[2016.10.29-17.26.59:342][  0]MapCheck: Info Map check complete: 0 Error(s), 0 Warning(s), took 42.281ms to complete.
[2016.10.29-17.26.59:342][  0]LogFileHelpers: Loading map 'VehicleAdvExampleMap' took 1.440
[2016.10.29-17.26.59:513][  0]LogCollectionManager: Loaded 0 collections in 0.002304 seconds
[2016.10.29-17.26.59:555][  0]LogFileCache: Scanning file cache for directory 'C:/Users/Matt Denny/Desktop/3D Enigines/University/SuperSoapBoxAlpha0.1/Saved/Collections/' took 0.01s
[2016.10.29-17.26.59:555][  0]LogFileCache: Scanning file cache for directory 'C:/Users/Matt Denny/Desktop/3D Enigines/University/SuperSoapBoxAlpha0.1/Content/Developers/MattDenny/Collections/' took 0.01s
[2016.10.29-17.26.59:555][  0]LogFileCache: Scanning file cache for directory 'C:/Users/Matt Denny/Desktop/3D Enigines/University/SuperSoapBoxAlpha0.1/Content/Collections/' took 0.01s
[2016.10.29-17.26.59:555][  0]LogCollectionManager: Rebuilt the GUID cache for 0 collections in 0.000002 seconds
[2016.10.29-17.26.59:561][  0]LogContentBrowser: Native class hierarchy populated in 0.0058 seconds. Added 2047 classes and 369 folders.
[2016.10.29-17.26.59:565][  0]LogStats: UGameplayTagsManager::ConstructGameplayTagTree: Construct from data asset -  0.000 s
[2016.10.29-17.26.59:565][  0]LogStats: UGameplayTagsManager::ConstructGameplayTagTree: GameplayTagTreeChangedEvent.Broadcast -  0.000 s
[2016.10.29-17.26.59:565][  0]LogContentBrowser: Native class hierarchy updated for 'GameplayTags' in 0.0003 seconds. Added 12 classes and 0 folders.
[2016.10.29-17.26.59:570][  0]LogContentBrowser: Native class hierarchy updated for 'WidgetCarousel' in 0.0003 seconds. Added 0 classes and 0 folders.
[2016.10.29-17.26.59:602][  0]LogContentBrowser: Native class hierarchy updated for 'AddContentDialog' in 0.0003 seconds. Added 0 classes and 0 folders.
[2016.10.29-17.26.59:602][  0]LogContentBrowser: Native class hierarchy updated for 'SceneOutliner' in 0.0003 seconds. Added 1 classes and 2 folders.
[2016.10.29-17.26.59:649][  0]LogCrashTracker: Crashtracker disabled due to settings.
[2016.10.29-17.26.59:653][  0]LogUObjectGlobals:Warning: Failed to find object 'Class None.'
[2016.10.29-17.26.59:678][  0]LogContentBrowser: Native class hierarchy updated for 'HierarchicalLODOutliner' in 0.0003 seconds. Added 1 classes and 2 folders.
[2016.10.29-17.26.59:678][  0]LogLoad: Full Startup: 6.70 seconds (BP compile: 0.17 seconds)
[2016.10.29-17.26.59:678][  0]LogExternalProfiler: Found external profiler: VSPerf
[2016.10.29-17.26.59:678][  0]LogExternalProfiler: Using external profiler: VSPerf
[2016.10.29-17.26.59:687][  0]LogWindowsTextInputMethodSystem:Display: IME system now deactivated.
[2016.10.29-17.26.59:687][  0]LogOcInput: OculusInput pre-init called
[2016.10.29-17.26.59:705][  0]LogContentStreaming: Texture pool size now 1000 MB
[2016.10.29-17.26.59:818][  0]LogRenderer: Reallocating scene render targets to support 1128x648 (Frame:2).
[2016.10.29-17.26.59:870][  1]Cmd: UpdateLandscapeEditorData -warnings
[2016.10.29-17.26.59:881][  1]LogAssetRegistry: Asset discovery search completed in 3.6831 seconds
[2016.10.29-17.26.59:881][  1]LogCollectionManager: Rebuilt the object cache for 0 collections in 0.000001 seconds (found 0 objects)
[2016.10.29-17.26.59:881][  1]LogCollectionManager: Fixed up redirectors for 0 collections in 0.000015 seconds (updated 0 objects)
[2016.10.29-17.27.02:786][335]LogBlueprint:Warning: USimpleConstructionScript::FixupRootNodeParentReferences() - Couldn't find inherited parent component 'DefaultSceneRoot' for 'Coll' in BlueprintGeneratedClass 'REINST_RerightPhaseCol2_C_122' (it may have been removed)
[2016.10.29-17.27.02:786][335]LogBlueprint:Warning: USimpleConstructionScript::FixupRootNodeParentReferences() - Couldn't find inherited parent component 'DefaultSceneRoot' for 'Cube' in BlueprintGeneratedClass 'REINST_RerightPhaseCol2_C_122' (it may have been removed)
[2016.10.29-17.27.02:797][335]LogBlueprint:Warning: USimpleConstructionScript::FixupRootNodeParentReferences() - Couldn't find inherited parent component 'DefaultSceneRoot' for 'Cube' in BlueprintGeneratedClass 'REINST_MovmentPhaseCol1_C_125' (it may have been removed)
[2016.10.29-17.27.02:797][335]LogBlueprint:Warning: USimpleConstructionScript::FixupRootNodeParentReferences() - Couldn't find inherited parent component 'DefaultSceneRoot' for 'Box' in BlueprintGeneratedClass 'REINST_MovmentPhaseCol1_C_125' (it may have been removed)
[2016.10.29-17.27.03:149][335]LogContentBrowser: Native class hierarchy updated for 'BlueprintGraph' in 0.0006 seconds. Added 111 classes and 0 folders.
[2016.10.29-17.27.18:706][ 36]0.608551
[2016.10.29-17.27.18:706][ 36]0.609887
[2016.10.29-17.27.18:762][ 43]0.613081
[2016.10.29-17.27.18:763][ 43]0.614936
[2016.10.29-17.27.18:771][ 44]0.631649
[2016.10.29-17.27.18:779][ 45]0.646841
[2016.10.29-17.27.18:787][ 46]0.662503
[2016.10.29-17.27.18:787][ 46]0.665526
[2016.10.29-17.27.18:796][ 47]0.691748
[2016.10.29-17.27.18:804][ 48]0.718221
[2016.10.29-17.27.18:812][ 49]0.758345
[2016.10.29-17.27.18:821][ 50]0.771818
[2016.10.29-17.27.18:829][ 51]0.795018
[2016.10.29-17.27.18:837][ 52]0.812500
[2016.10.29-17.27.18:846][ 53]0.822125
[2016.10.29-17.27.18:854][ 54]0.835739
[2016.10.29-17.27.18:862][ 55]0.845356
[2016.10.29-17.27.18:862][ 55]0.849390
[2016.10.29-17.27.18:871][ 56]0.872641
[2016.10.29-17.27.18:879][ 57]0.886335
[2016.10.29-17.27.18:887][ 58]0.900063
[2016.10.29-17.27.18:904][ 60]0.909596
[2016.10.29-17.27.19:129][ 87]0.941427
[2016.10.29-17.27.19:138][ 88]1.015718
[2016.10.29-17.27.19:138][ 88]1.029618
[2016.10.29-17.27.19:146][ 89]1.057484
[2016.10.29-17.27.19:154][ 90]1.071449
[2016.10.29-17.27.19:162][ 91]1.113463
[2016.10.29-17.27.19:171][ 92]1.155640
[2016.10.29-17.27.19:179][ 93]1.174684
[2016.10.29-17.27.19:187][ 94]1.202978
[2016.10.29-17.27.19:188][ 94]1.217146
[2016.10.29-17.27.19:196][ 95]1.231328
[2016.10.29-17.27.19:204][ 96]1.241682
[2016.10.29-17.27.19:212][ 97]1.255932
[2016.10.29-17.27.19:221][ 98]1.261234
[2016.10.29-17.27.19:246][101]1.272028
[2016.10.29-17.27.19:254][102]1.306243
[2016.10.29-17.27.19:262][103]1.311838
[2016.10.29-17.27.19:379][117]1.317492
[2016.10.29-17.27.19:387][118]1.343427
[2016.10.29-17.27.19:421][122]1.349270
[2016.10.29-17.27.19:838][172]1.343427
[2016.10.29-17.27.19:846][173]1.337640
[2016.10.29-17.27.19:854][174]1.331908
[2016.10.29-17.27.19:871][176]1.326234
[2016.10.29-17.27.19:879][177]1.320618
[2016.10.29-17.27.19:888][178]1.315060
[2016.10.29-17.27.19:888][178]1.309562
[2016.10.29-17.27.19:904][180]1.304123
[2016.10.29-17.27.19:996][191]1.298746
[2016.10.29-17.27.20:121][206]1.293430
[2016.10.29-17.27.25:455][845]BlueprintLog: New page: Compile TutorialSubMenu
[2016.10.29-17.27.25:592][845]BlueprintEditorCompileResults: Info [0032.61] Compile of TutorialSubMenu successful! [in 137 ms] (/Game/VehicleAdvBP/Blueprints/MenuAndUI/TutorialSubMenu.TutorialSubMenu)
[2016.10.29-17.27.25:985][886]LogSavePackage: Save=15.07ms
[2016.10.29-17.27.25:985][886]LogSavePackage: Moving '../../../../../../Users/Matt Denny/Desktop/3D Enigines/University/SuperSoapBoxAlpha0.1/Saved/TutorialSubMenu0FC198EA43F9B433C1D4578572DF4365.tmp' to '../../../../../../Users/Matt Denny/Desktop/3D Enigines/University/SuperSoapBoxAlpha0.1/Content/VehicleAdvBP/Blueprints/MenuAndUI/TutorialSubMenu.uasset'
[2016.10.29-17.27.25:987][886]LogSavePackage:Display: Finished SavePackage ../../../../../../Users/Matt Denny/Desktop/3D Enigines/University/SuperSoapBoxAlpha0.1/Content/VehicleAdvBP/Blueprints/MenuAndUI/TutorialSubMenu.uasset
[2016.10.29-17.34.23:025][637]LogPlayLevel: PlayLevel: No blueprints needed recompiling
[2016.10.29-17.34.23:025][637]PIE: New page: PIE session: VehicleAdvExampleMap (29 Oct 2016 18:34:23)
[2016.10.29-17.34.23:041][637]LogPlayLevel: Creating play world package: /Game/VehicleAdvBP/Maps/UEDPIE_0_VehicleAdvExampleMap
[2016.10.29-17.34.23:084][637]LogPlayLevel: PIE: StaticDuplicateObject took: (0.043462s)
[2016.10.29-17.34.23:085][637]LogAIModule: Creating AISystem for world VehicleAdvExampleMap
[2016.10.29-17.34.23:085][637]LogPlayLevel: PIE: World Init took: (0.000520s)
[2016.10.29-17.34.23:085][637]LogPlayLevel: PIE: Created PIE world by copying editor world from /Game/VehicleAdvBP/Maps/VehicleAdvExampleMap.VehicleAdvExampleMap to /Game/VehicleAdvBP/Maps/UEDPIE_0_VehicleAdvExampleMap.VehicleAdvExampleMap (0.044361s)
[2016.10.29-17.34.23:118][637]LogInit: XAudio2 using 'Speakers (Realtek High Definition Audio)' : 2 channels at 48 kHz using 32 bits per sample (channel mask 0x3)
[2016.10.29-17.34.23:128][637]LogInit: FAudioDevice initialized.
[2016.10.29-17.34.23:201][637]LogWorld: Game class is 'VehicleAdvGameMode_C'
[2016.10.29-17.34.23:217][637]LogWorld: Bringing World /Game/VehicleAdvBP/Maps/UEDPIE_0_VehicleAdvExampleMap.VehicleAdvExampleMap up for play (max tick rate 0) at 2016.10.29-18.34.23
[2016.10.29-17.34.23:219][637]LogWorld: Bringing up level for play took: 0.015974
[2016.10.29-17.34.23:219][637]LogSpawn:Warning: SpawnActor failed because no class was specified
[2016.10.29-17.34.23:223][637]LogContentBrowser: Native class hierarchy updated for 'MovieSceneCapture' in 0.0004 seconds. Added 11 classes and 0 folders.
[2016.10.29-17.34.23:223][637]LogBlueprintUserMessages: [VehicleAdvGameMode_C_0] VehicleBlueprint
[2016.10.29-17.34.23:223][637]PIE: Info Play in editor start time for /Game/VehicleAdvBP/Maps/UEDPIE_0_VehicleAdvExampleMap 0.005
[2016.10.29-17.42.09:506][311]LogActorComponent: UnregisterComponent: (/Engine/Transient.EditorFloorComp) Not registered. Aborting.
[2016.10.29-17.42.09:705][312]Cmd: QUIT_EDITOR
[2016.10.29-17.42.09:941][312]LogWindowsTextInputMethodSystem:Display: IME system now deactivated.
[2016.10.29-17.42.09:960][312]LogExit: Preparing to exit.
[2016.10.29-17.42.11:008][312]LogExit: Editor shut down
[2016.10.29-17.42.11:008][312]LogExit: Transaction tracking system shut down
[2016.10.29-17.42.11:134][312]LogObj: Freed 0b from 0 cluster array pools.
[2016.10.29-17.42.11:134][312]LogExit: Object subsystem successfully closed.
[2016.10.29-17.42.11:154][312]LogD3D11RHI: Shutdown
[2016.10.29-17.42.11:154][312]LogD3D11RHI: CleanupD3DDevice
[2016.10.29-17.42.11:203][312]LogD3D11RHI: ~FD3D11DynamicRHI
[2016.10.29-17.42.11:213][312]LogModuleManager: Shutting down and abandoning module MovieSceneCapture (216)
[2016.10.29-17.42.11:213][312]LogModuleManager: Shutting down and abandoning module SequencerWidgets (215)
[2016.10.29-17.42.11:213][312]LogModuleManager: Shutting down and abandoning module BlueprintGraph (214)
[2016.10.29-17.42.11:213][312]LogModuleManager: Shutting down and abandoning module HierarchicalLODOutliner (213)
[2016.10.29-17.42.11:213][312]LogModuleManager: Shutting down and abandoning module CrashTracker (212)
[2016.10.29-17.42.11:213][312]LogModuleManager: Shutting down and abandoning module SceneOutliner (211)
[2016.10.29-17.42.11:213][312]LogModuleManager: Shutting down and abandoning module WidgetCarousel (210)
[2016.10.29-17.42.11:213][312]LogModuleManager: Shutting down and abandoning module AddContentDialog (209)
[2016.10.29-17.42.11:214][312]LogModuleManager: Shutting down and abandoning module GameplayTags (208)
[2016.10.29-17.42.11:214][312]LogModuleManager: Shutting down and abandoning module EditorWidgets (207)
[2016.10.29-17.42.11:214][312]LogModuleManager: Shutting down and abandoning module CollectionManager (206)
[2016.10.29-17.42.11:214][312]LogModuleManager: Shutting down and abandoning module StatsViewer (205)
[2016.10.29-17.42.11:214][312]LogModuleManager: Shutting down and abandoning module FoliageEdit (204)
[2016.10.29-17.42.11:214][312]LogModuleManager: Shutting down and abandoning module LandscapeEditor (203)
[2016.10.29-17.42.11:214][312]LogModuleManager: Shutting down and abandoning module SceneDepthPickerMode (202)
[2016.10.29-17.42.11:214][312]LogModuleManager: Shutting down and abandoning module ActorPickerMode (201)
[2016.10.29-17.42.11:214][312]LogModuleManager: Shutting down and abandoning module GeometryMode (200)
[2016.10.29-17.42.11:214][312]LogModuleManager: Shutting down and abandoning module TextureAlignMode (199)
[2016.10.29-17.42.11:214][312]LogModuleManager: Shutting down and abandoning module BspMode (198)
[2016.10.29-17.42.11:214][312]LogModuleManager: Shutting down and abandoning module HardwareSurvey (197)
[2016.10.29-17.42.11:214][312]LogModuleManager: Shutting down and abandoning module SequenceRecorderSections (196)
[2016.10.29-17.42.11:214][312]LogModuleManager: Shutting down and abandoning module SequenceRecorder (195)
[2016.10.29-17.42.11:214][312]LogModuleManager: Shutting down and abandoning module AutomationWorker (194)
[2016.10.29-17.42.11:214][312]LogModuleManager: Shutting down and abandoning module MatineeToLevelSequence (193)
[2016.10.29-17.42.11:214][312]LogModuleManager: Shutting down and abandoning module PlacementMode (192)
[2016.10.29-17.42.11:214][312]LogModuleManager: Shutting down and abandoning module LevelSequenceEditor (191)
[2016.10.29-17.42.11:215][312]LogModuleManager: Shutting down and abandoning module CharacterAI (190)
[2016.10.29-17.42.11:215][312]LogModuleManager: Shutting down and abandoning module SmartSnapping (189)
[2016.10.29-17.42.11:215][312]LogModuleManager: Shutting down and abandoning module SessionServices (188)
[2016.10.29-17.42.11:215][312]LogModuleManager: Shutting down and abandoning module ViewportSnapping (187)
[2016.10.29-17.42.11:215][312]LogModuleManager: Shutting down and abandoning module LogVisualizer (186)
[2016.10.29-17.42.11:215][312]LogModuleManager: Shutting down and abandoning module GameProjectGeneration (185)
[2016.10.29-17.42.11:215][312]LogModuleManager: Shutting down and abandoning module IntroTutorials (184)
[2016.10.29-17.42.11:215][312]LogModuleManager: Shutting down and abandoning module EditorLiveStreaming (183)
[2016.10.29-17.42.11:215][312]LogModuleManager: Shutting down and abandoning module IOSPlatformEditor (182)
[2016.10.29-17.42.11:215][312]LogModuleManager: Shutting down and abandoning module HTML5PlatformEditor (181)
[2016.10.29-17.42.11:215][312]LogModuleManager: Shutting down and abandoning module AndroidDeviceDetection (180)
[2016.10.29-17.42.11:850][312]LogModuleManager: Shutting down and abandoning module AndroidPlatformEditor (179)
[2016.10.29-17.42.11:850][312]LogModuleManager: Shutting down and abandoning module IOSRuntimeSettings (178)
[2016.10.29-17.42.11:850][312]LogModuleManager: Shutting down and abandoning module AndroidRuntimeSettings (177)
[2016.10.29-17.42.11:850][312]LogModuleManager: Shutting down and abandoning module MergeActors (176)
[2016.10.29-17.42.11:850][312]LogModuleManager: Shutting down and abandoning module SizeMap (175)
[2016.10.29-17.42.11:850][312]LogModuleManager: Shutting down and abandoning module TreeMap (174)
[2016.10.29-17.42.11:850][312]LogModuleManager: Shutting down and abandoning module ReferenceViewer (173)
[2016.10.29-17.42.11:850][312]LogModuleManager: Shutting down and abandoning module LocalizationService (172)
[2016.10.29-17.42.11:850][312]LogModuleManager: Shutting down and abandoning module LocalizationDashboard (171)
[2016.10.29-17.42.11:850][312]LogModuleManager: Shutting down and abandoning module HardwareTargeting (170)
[2016.10.29-17.42.11:850][312]LogModuleManager: Shutting down and abandoning module DeviceProfileEditor (169)
[2016.10.29-17.42.11:850][312]LogModuleManager: Shutting down and abandoning module UndoHistory (168)
[2016.10.29-17.42.11:850][312]LogModuleManager: Shutting down and abandoning module UserFeedback (167)
[2016.10.29-17.42.11:850][312]LogModuleManager: Shutting down and abandoning module XmlParser (166)
[2016.10.29-17.42.11:850][312]LogModuleManager: Shutting down and abandoning module Blutility (165)
[2016.10.29-17.42.11:850][312]LogModuleManager: Shutting down and abandoning module ProjectTargetPlatformEditor (164)
[2016.10.29-17.42.11:850][312]LogModuleManager: Shutting down and abandoning module ProjectSettingsViewer (163)
[2016.10.29-17.42.11:850][312]LogModuleManager: Shutting down and abandoning module InputBindingEditor (162)
[2016.10.29-17.42.11:850][312]LogModuleManager: Shutting down and abandoning module EditorSettingsViewer (161)
[2016.10.29-17.42.11:850][312]LogModuleManager: Shutting down and abandoning module SettingsEditor (160)
[2016.10.29-17.42.11:850][312]LogModuleManager: Shutting down and abandoning module ProjectLauncher (159)
[2016.10.29-17.42.11:850][312]LogModuleManager: Shutting down and abandoning module SessionFrontend (158)
[2016.10.29-17.42.11:850][312]LogModuleManager: Shutting down and abandoning module ProfilerClient (157)
[2016.10.29-17.42.11:850][312]LogModuleManager: Shutting down and abandoning module TargetDeviceServices (156)
[2016.10.29-17.42.11:850][312]LogModuleManager: Shutting down and abandoning module DeviceManager (155)
[2016.10.29-17.42.11:893][312]LogModuleManager: Shutting down and abandoning module AutomationController (154)
[2016.10.29-17.42.11:893][312]LogModuleManager: Shutting down and abandoning module AutomationWindow (153)
[2016.10.29-17.42.11:893][312]LogModuleManager: Shutting down and abandoning module Layers (152)
[2016.10.29-17.42.11:893][312]LogModuleManager: Shutting down and abandoning module ComponentVisualizers (151)
[2016.10.29-17.42.11:893][312]LogModuleManager: Shutting down and abandoning module DetailCustomizations (150)
[2016.10.29-17.42.11:893][312]LogModuleManager: Shutting down and abandoning module PackagesDialog (149)
[2016.10.29-17.42.11:893][312]LogModuleManager: Shutting down and abandoning module Persona (148)
[2016.10.29-17.42.11:893][312]LogModuleManager: Shutting down and abandoning module Kismet (147)
[2016.10.29-17.42.11:893][312]LogModuleManager: Shutting down and abandoning module GraphEditor (146)
[2016.10.29-17.42.11:893][312]LogModuleManager: Shutting down and abandoning module ClassViewer (145)
[2016.10.29-17.42.11:893][312]LogModuleManager: Shutting down and abandoning module Toolbox (144)
[2016.10.29-17.42.11:893][312]LogModuleManager: Shutting down and abandoning module ModuleUI (143)
[2016.10.29-17.42.11:893][312]LogModuleManager: Shutting down and abandoning module MovieSceneTools (142)
[2016.10.29-17.42.11:893][312]LogModuleManager: Shutting down and abandoning module OutputLog (141)
[2016.10.29-17.42.11:893][312]LogModuleManager: Shutting down and abandoning module GammaUI (140)
[2016.10.29-17.42.11:893][312]LogModuleManager: Shutting down and abandoning module Documentation (139)
[2016.10.29-17.42.11:893][312]LogModuleManager: Shutting down and abandoning module StreamingPauseRendering (138)
[2016.10.29-17.42.11:893][312]LogModuleManager: Shutting down and abandoning module AnalyticsET (137)
[2016.10.29-17.42.11:893][312]LogModuleManager: Shutting down and abandoning module Analytics (136)
[2016.10.29-17.42.11:893][312]LogModuleManager: Shutting down and abandoning module PortalServices (135)
[2016.10.29-17.42.11:893][312]LogModuleManager: Shutting down and abandoning module PortalRpc (134)
[2016.10.29-17.42.11:893][312]LogModuleManager: Shutting down and abandoning module MessagingRpc (133)
[2016.10.29-17.42.11:893][312]LogModuleManager: Shutting down and abandoning module GameplayDebugger (132)
[2016.10.29-17.42.11:893][312]LogModuleManager: Shutting down and abandoning module AITestSuite (131)
[2016.10.29-17.42.11:893][312]LogModuleManager: Shutting down and abandoning module AIModule (130)
[2016.10.29-17.42.11:893][312]LogModuleManager: Shutting down and abandoning module ProfilerService (129)
[2016.10.29-17.42.11:914][312]LogModuleManager: Shutting down and abandoning module TaskGraph (128)
[2016.10.29-17.42.11:914][312]LogModuleManager: Shutting down and abandoning module SlateRemote (127)
[2016.10.29-17.42.11:914][312]LogModuleManager: Shutting down and abandoning module SteamVRController (126)
[2016.10.29-17.42.11:914][312]LogModuleManager: Shutting down and abandoning module SteamVR (125)
[2016.10.29-17.42.11:914][312]LogModuleManager: Shutting down and abandoning module ProceduralMeshComponent (124)
[2016.10.29-17.42.11:914][312]LogModuleManager: Shutting down and abandoning module OculusLibrary (123)
[2016.10.29-17.42.11:914][312]LogModuleManager: Shutting down and abandoning module OculusInput (122)
[2016.10.29-17.42.11:914][312]LogModuleManager: Shutting down and abandoning module CustomMeshComponent (121)
[2016.10.29-17.42.11:914][312]LogModuleManager: Shutting down and abandoning module CableComponent (120)
[2016.10.29-17.42.11:914][312]LogModuleManager: Shutting down and abandoning module ArchVisCharacter (119)
[2016.10.29-17.42.11:914][312]LogModuleManager: Shutting down and abandoning module MediaPlayerEditor (118)
[2016.10.29-17.42.11:914][312]LogModuleManager: Shutting down and abandoning module HTML5Networking (117)
[2016.10.29-17.42.11:914][312]LogModuleManager: Shutting down and abandoning module SuperSearch (116)
[2016.10.29-17.42.11:914][312]LogModuleManager: Shutting down and abandoning module SuperSearchEditor (115)
[2016.10.29-17.42.11:914][312]LogModuleManager: Shutting down and abandoning module SpeedTreeImporter (114)
[2016.10.29-17.42.11:914][312]LogModuleManager: Shutting down and abandoning module PluginBrowser (113)
[2016.10.29-17.42.11:914][312]LogModuleManager: Shutting down and abandoning module EpicSurvey (112)
[2016.10.29-17.42.11:914][312]LogModuleManager: Shutting down and abandoning module DesktopPlatform (111)
[2016.10.29-17.42.11:914][312]LogModuleManager: Shutting down and abandoning module VisualStudioSourceCodeAccess (110)
[2016.10.29-17.42.11:914][312]LogModuleManager: Shutting down and abandoning module UObjectPlugin (109)
[2016.10.29-17.42.11:914][312]LogModuleManager: Shutting down and abandoning module SubversionSourceControl (108)
[2016.10.29-17.42.11:914][312]LogModuleManager: Shutting down and abandoning module PerforceSourceControl (107)
[2016.10.29-17.42.11:914][312]LogModuleManager: Shutting down and abandoning module SourceControl (106)
[2016.10.29-17.42.11:914][312]LogModuleManager: Shutting down and abandoning module GitSourceControl (105)
[2016.10.29-17.42.11:914][312]LogModuleManager: Shutting down and abandoning module LightPropagationVolumeEditor (104)
[2016.10.29-17.42.11:914][312]LogModuleManager: Shutting down and abandoning module PaperTiledImporter (103)
[2016.10.29-17.42.11:914][312]LogModuleManager: Shutting down and abandoning module PaperSpriteSheetImporter (102)
[2016.10.29-17.42.11:914][312]LogModuleManager: Shutting down and abandoning module MeshPaint (101)
[2016.10.29-17.42.11:914][312]LogModuleManager: Shutting down and abandoning module PixelInspectorModule (100)
[2016.10.29-17.42.11:914][312]LogModuleManager: Shutting down and abandoning module HotReload (99)
[2016.10.29-17.42.11:915][312]LogModuleManager: Shutting down and abandoning module MainFrame (98)
[2016.10.29-17.42.11:915][312]LogModuleManager: Shutting down and abandoning module LevelEditor (97)
[2016.10.29-17.42.11:915][312]LogModuleManager: Shutting down and abandoning module ContentBrowser (96)
[2016.10.29-17.42.11:916][312]LogModuleManager: Shutting down and abandoning module Paper2DEditor (95)
[2016.10.29-17.42.11:916][312]LogModuleManager: Shutting down and abandoning module UdpMessaging (94)
[2016.10.29-17.42.12:016][312]LogModuleManager: Shutting down and abandoning module LightPropagationVolumeRuntime (93)
[2016.10.29-17.42.12:016][312]LogModuleManager: Shutting down and abandoning module Paper2D (92)
[2016.10.29-17.42.12:016][312]LogModuleManager: Shutting down and abandoning module WindowsMoviePlayer (91)
[2016.10.29-17.42.12:016][312]LogModuleManager: Shutting down and abandoning module Media (90)
[2016.10.29-17.42.12:016][312]LogModuleManager: Shutting down and abandoning module WmfMedia (89)
[2016.10.29-17.42.12:016][312]LogModuleManager: Shutting down and abandoning module MediaAssets (88)
[2016.10.29-17.42.12:016][312]LogModuleManager: Shutting down and abandoning module GameLiveStreaming (87)
[2016.10.29-17.42.12:016][312]LogModuleManager: Shutting down and abandoning module GameplayTagsEditor (86)
[2016.10.29-17.42.12:016][312]LogModuleManager: Shutting down and abandoning module OnlineBlueprintSupport (85)
[2016.10.29-17.42.12:016][312]LogModuleManager: Shutting down and abandoning module VREditor (84)
[2016.10.29-17.42.12:016][312]LogModuleManager: Shutting down and abandoning module GameplayTasksEditor (83)
[2016.10.29-17.42.12:016][312]LogModuleManager: Shutting down and abandoning module PropertyEditor (82)
[2016.10.29-17.42.12:016][312]LogModuleManager: Shutting down and abandoning module BehaviorTreeEditor (81)
[2016.10.29-17.42.12:016][312]LogModuleManager: Shutting down and abandoning module FunctionalTesting (80)
[2016.10.29-17.42.12:016][312]LogModuleManager: Shutting down and abandoning module CollisionAnalyzer (79)
[2016.10.29-17.42.12:016][312]LogModuleManager: Shutting down and abandoning module Sequencer (78)
[2016.10.29-17.42.12:016][312]LogModuleManager: Shutting down and abandoning module WorkspaceMenuStructure (77)
[2016.10.29-17.42.12:016][312]LogModuleManager: Shutting down and abandoning module MessageLog (76)
[2016.10.29-17.42.12:016][312]LogModuleManager: Shutting down and abandoning module AssetTools (75)
[2016.10.29-17.42.12:017][312]LogModuleManager: Shutting down and abandoning module UMGEditor (74)
[2016.10.29-17.42.12:017][312]LogModuleManager: Shutting down and abandoning module UMG (73)
[2016.10.29-17.42.12:017][312]LogModuleManager: Shutting down and abandoning module SlateReflector (72)
[2016.10.29-17.42.12:017][312]LogModuleManager: Shutting down and abandoning module Slate (71)
[2016.10.29-17.42.12:017][312]LogModuleManager: Shutting down and abandoning module EditorStyle (70)
[2016.10.29-17.42.12:018][312]LogModuleManager: Shutting down and abandoning module SourceCodeAccess (69)
[2016.10.29-17.42.12:018][312]LogModuleManager: Shutting down and abandoning module HeadMountedDisplay (68)
[2016.10.29-17.42.12:018][312]LogModuleManager: Shutting down and abandoning module XAudio2 (67)
[2016.10.29-17.42.12:018][312]LogModuleManager: Shutting down and abandoning module Networking (65)
[2016.10.29-17.42.12:018][312]LogModuleManager: Shutting down and abandoning module Core (64)
[2016.10.29-17.42.12:018][312]LogModuleManager: Shutting down and abandoning module DirectoryWatcher (63)
[2016.10.29-17.42.12:019][312]LogModuleManager: Shutting down and abandoning module AssetRegistry (62)
[2016.10.29-17.42.12:239][312]LogModuleManager: Shutting down and abandoning module KismetCompiler (61)
[2016.10.29-17.42.12:240][312]LogModuleManager: Shutting down and abandoning module PhysXFormats (60)
[2016.10.29-17.42.12:240][312]LogModuleManager: Shutting down and abandoning module MeshUtilities (59)
[2016.10.29-17.42.12:240][312]LogModuleManager: Shutting down and abandoning module DerivedDataCache (58)
[2016.10.29-17.42.12:251][312]LogDerivedDataCache: Shutdown
[2016.10.29-17.42.12:252][312]LogModuleManager: Shutting down and abandoning module VulkanShaderFormat (57)
[2016.10.29-17.42.12:252][312]LogModuleManager: Shutting down and abandoning module ShaderFormatOpenGL (56)
[2016.10.29-17.42.12:252][312]LogModuleManager: Shutting down and abandoning module ShaderFormatD3D (55)
[2016.10.29-17.42.12:252][312]LogModuleManager: Shutting down and abandoning module MetalShaderFormat (54)
[2016.10.29-17.42.12:252][312]LogModuleManager: Shutting down and abandoning module TextureFormatUncompressed (53)
[2016.10.29-17.42.12:252][312]LogModuleManager: Shutting down and abandoning module TextureFormatPVR (52)
[2016.10.29-17.42.12:252][312]LogModuleManager: Shutting down and abandoning module TextureFormatIntelISPCTexComp (51)
[2016.10.29-17.42.12:252][312]LogModuleManager: Shutting down and abandoning module TextureFormatDXT (50)
[2016.10.29-17.42.12:252][312]LogModuleManager: Shutting down and abandoning module ImageWrapper (49)
[2016.10.29-17.42.12:252][312]LogModuleManager: Shutting down and abandoning module TextureFormatASTC (48)
[2016.10.29-17.42.12:252][312]LogModuleManager: Shutting down and abandoning module TextureFormatAndroid (47)
[2016.10.29-17.42.12:252][312]LogModuleManager: Shutting down and abandoning module AudioFormatOpus (46)
[2016.10.29-17.42.12:252][312]LogModuleManager: Shutting down and abandoning module AudioFormatOgg (45)
[2016.10.29-17.42.12:252][312]LogModuleManager: Shutting down and abandoning module AudioFormatADPCM (44)
[2016.10.29-17.42.12:252][312]LogModuleManager: Shutting down and abandoning module LinuxTargetPlatform (43)
[2016.10.29-17.42.12:252][312]LogModuleManager: Shutting down and abandoning module LinuxServerTargetPlatform (42)
[2016.10.29-17.42.12:252][312]LogModuleManager: Shutting down and abandoning module LinuxNoEditorTargetPlatform (41)
[2016.10.29-17.42.12:252][312]LogModuleManager: Shutting down and abandoning module TVOSTargetPlatform (40)
[2016.10.29-17.42.12:252][312]LogModuleManager: Shutting down and abandoning module Messaging (39)
[2016.10.29-17.42.12:252][312]LogModuleManager: Shutting down and abandoning module IOSTargetPlatform (38)
[2016.10.29-17.42.12:252][312]LogModuleManager: Shutting down and abandoning module HTML5TargetPlatform (37)
[2016.10.29-17.42.12:252][312]LogModuleManager: Shutting down and abandoning module Android_PVRTCTargetPlatform (36)
[2016.10.29-17.42.12:252][312]LogModuleManager: Shutting down and abandoning module Android_MultiTargetPlatform (35)
[2016.10.29-17.42.12:252][312]LogModuleManager: Shutting down and abandoning module Android_ETC2TargetPlatform (34)
[2016.10.29-17.42.12:252][312]LogModuleManager: Shutting down and abandoning module Android_ETC1TargetPlatform (33)
[2016.10.29-17.42.12:252][312]LogModuleManager: Shutting down and abandoning module Android_DXTTargetPlatform (32)
[2016.10.29-17.42.12:252][312]LogModuleManager: Shutting down and abandoning module Android_ATCTargetPlatform (31)
[2016.10.29-17.42.12:252][312]LogModuleManager: Shutting down and abandoning module Android_ASTCTargetPlatform (30)
[2016.10.29-17.42.12:252][312]LogModuleManager: Shutting down and abandoning module AndroidTargetPlatform (29)
[2016.10.29-17.42.12:252][312]LogModuleManager: Shutting down and abandoning module WindowsTargetPlatform (28)
[2016.10.29-17.42.12:252][312]LogModuleManager: Shutting down and abandoning module WindowsServerTargetPlatform (27)
[2016.10.29-17.42.12:252][312]LogModuleManager: Shutting down and abandoning module WindowsNoEditorTargetPlatform (26)
[2016.10.29-17.42.12:252][312]LogModuleManager: Shutting down and abandoning module WindowsClientTargetPlatform (25)
[2016.10.29-17.42.12:252][312]LogModuleManager: Shutting down and abandoning module AllDesktopTargetPlatform (24)
[2016.10.29-17.42.12:252][312]LogModuleManager: Shutting down and abandoning module TargetPlatform (23)
[2016.10.29-17.42.12:252][312]LogModuleManager: Shutting down and abandoning module InputCore (22)
[2016.10.29-17.42.12:252][312]LogModuleManager: Shutting down and abandoning module Settings (21)
[2016.10.29-17.42.12:252][312]LogModuleManager: Shutting down and abandoning module OnlineSubsystem (19)
[2016.10.29-17.42.12:252][312]LogModuleManager: Shutting down and abandoning module HTTP (18)
[2016.10.29-17.42.16:758][312]LogModuleManager: Shutting down and abandoning module XMPP (17)
[2016.10.29-17.42.16:758][312]LogModuleManager: Shutting down and abandoning module OculusRift (16)
[2016.10.29-17.42.16:758][312]LogModuleManager: Shutting down and abandoning module ExampleDeviceProfileSelector (15)
[2016.10.29-17.42.16:758][312]LogModuleManager: Shutting down and abandoning module TextureCompressor (14)
[2016.10.29-17.42.16:758][312]LogModuleManager: Shutting down and abandoning module ShaderCore (13)
[2016.10.29-17.42.16:758][312]LogModuleManager: Shutting down and abandoning module Landscape (12)
[2016.10.29-17.42.16:758][312]LogModuleManager: Shutting down and abandoning module SlateRHIRenderer (11)
[2016.10.29-17.42.16:761][312]LogModuleManager: Shutting down and abandoning module OpenGLDrv (10)
[2016.10.29-17.42.16:762][312]LogModuleManager: Shutting down and abandoning module D3D11RHI (9)
[2016.10.29-17.42.16:762][312]LogModuleManager: Shutting down and abandoning module AnimGraphRuntime (8)
[2016.10.29-17.42.16:762][312]LogModuleManager: Shutting down and abandoning module Renderer (7)
[2016.10.29-17.42.16:762][312]LogModuleManager: Shutting down and abandoning module Engine (6)
[2016.10.29-17.42.16:762][312]LogModuleManager: Shutting down and abandoning module CoreUObject (5)
[2016.10.29-17.42.16:762][312]LogModuleManager: Shutting down and abandoning module NetworkFile (4)
[2016.10.29-17.42.16:762][312]LogModuleManager: Shutting down and abandoning module StreamingFile (3)
[2016.10.29-17.42.16:762][312]LogModuleManager: Shutting down and abandoning module SandboxFile (2)
[2016.10.29-17.42.16:762][312]LogModuleManager: Shutting down and abandoning module PakFile (1)
[2016.10.29-17.42.16:763][312]LogExit: Exiting.
[2016.10.29-17.42.16:764][312]Log file closed, 10/29/16 18:42:16
